#
# There is insufficient memory for the Java Runtime Environment to continue.
# Native memory allocation (malloc) failed to allocate 293712 bytes. Error detail: Chunk::new
# Possible reasons:
#   The system is out of physical RAM or swap space
#   This process is running with CompressedOops enabled, and the Java Heap may be blocking the growth of the native heap
# Possible solutions:
#   Reduce memory load on the system
#   Increase physical memory or swap space
#   Check if swap backing store is full
#   Decrease Java heap size (-Xmx/-Xms)
#   Decrease number of Java threads
#   Decrease Java thread stack sizes (-Xss)
#   Set larger code cache with -XX:ReservedCodeCacheSize=
#   JVM is running with Zero Based Compressed Oops mode in which the Java heap is
#     placed in the first 32GB address space. The Java Heap base address is the
#     maximum limit for the native heap growth. Please use -XX:HeapBaseMinAddress
#     to set the Java Heap base and to place the Java Heap above 32GB virtual address.
# This output file may be truncated or incomplete.
#
#  Out of Memory Error (arena.cpp:168), pid=19664, tid=32444
#
# JRE version: OpenJDK Runtime Environment Microsoft-11933218 (21.0.8+9) (build 21.0.8+9-LTS)
# Java VM: OpenJDK 64-Bit Server VM Microsoft-11933218 (21.0.8+9-LTS, mixed mode, sharing, tiered, compressed oops, compressed class ptrs, g1 gc, windows-amd64)
# No core dump will be written. Minidumps are not enabled by default on client versions of Windows
#

---------------  S U M M A R Y ------------

Command Line: -javaagent:D:\Download\IntelliJ IDEA Community Edition 2024.2.1\lib\idea_rt.jar=60683:D:\Download\IntelliJ IDEA Community Edition 2024.2.1\bin -Dfile.encoding=UTF-8 -Dsun.stdout.encoding=UTF-8 -Dsun.stderr.encoding=UTF-8 com.example.gateway_service.GatewayServiceApplication

Host: 11th Gen Intel(R) Core(TM) i5-1135G7 @ 2.40GHz, 8 cores, 23G,  Windows 11 , 64 bit Build 26100 (10.0.26100.7019)
Time: Fri Nov 28 17:04:56 2025 SE Asia Standard Time elapsed time: 425.088015 seconds (0d 0h 7m 5s)

---------------  T H R E A D  ---------------

Current thread (0x000001104d0271b0):  JavaThread "C2 CompilerThread0" daemon [_thread_in_native, id=32444, stack(0x0000000ec2e00000,0x0000000ec2f00000) (1024K)]


Current CompileTask:
C2:425088 7487       4       org.springframework.core.convert.TypeDescriptor::equals (132 bytes)

Stack: [0x0000000ec2e00000,0x0000000ec2f00000]
Native frames: (J=compiled Java code, j=interpreted, Vv=VM code, C=native code)
V  [jvm.dll+0x6e1729]
V  [jvm.dll+0x8bf47b]
V  [jvm.dll+0x8c19aa]
V  [jvm.dll+0x8c2083]
V  [jvm.dll+0x289fd6]
V  [jvm.dll+0xc903d]
V  [jvm.dll+0xc958c]
V  [jvm.dll+0x14832f]
V  [jvm.dll+0x66a232]
V  [jvm.dll+0x66e837]
V  [jvm.dll+0x251adb]
V  [jvm.dll+0x251283]
V  [jvm.dll+0x1d18bf]
V  [jvm.dll+0x260f4a]
V  [jvm.dll+0x25f2b5]
V  [jvm.dll+0x40151d]
V  [jvm.dll+0x86975d]
V  [jvm.dll+0x6dff2d]
C  [ucrtbase.dll+0x37b0]
C  [KERNEL32.DLL+0x2e8d7]
C  [ntdll.dll+0x8c53c]


---------------  P R O C E S S  ---------------

Threads class SMR info:
_java_thread_list=0x000001105064e830, length=41, elements={
0x000001107f473f40, 0x000001107f4767a0, 0x000001107f47b3d0, 0x000001107f47c0e0,
0x000001107f47c870, 0x000001107f47dfd0, 0x000001104d0271b0, 0x000001104d032860,
0x000001107f44b390, 0x000001104d93b650, 0x000001104d90fa20, 0x0000011051094fd0,
0x000001104dfc9c80, 0x0000011050e4e650, 0x0000011051290aa0, 0x000001105127dff0,
0x000001105127c5b0, 0x000001105127f3a0, 0x000001105127e680, 0x000001105127ed10,
0x000001105127cc40, 0x000001105127bf20, 0x000001105127d960, 0x0000011050f81810,
0x0000011050f82bc0, 0x0000011050f82530, 0x0000011050f81ea0, 0x0000011050f7f740,
0x0000011050f80460, 0x0000011050f80af0, 0x0000011050f7fdd0, 0x000001104ea89210,
0x000001104ea8c000, 0x000001104ea8ac50, 0x000001104ea8b2e0, 0x000001104ea8c690,
0x000001104ea8b970, 0x000001104ea898a0, 0x000001104ea89f30, 0x000001104ea8a5c0,
0x0000011050f81180
}

Java Threads: ( => current thread )
  0x000001107f473f40 JavaThread "Reference Handler"          daemon [_thread_blocked, id=29824, stack(0x0000000ec2800000,0x0000000ec2900000) (1024K)]
  0x000001107f4767a0 JavaThread "Finalizer"                  daemon [_thread_blocked, id=13388, stack(0x0000000ec2900000,0x0000000ec2a00000) (1024K)]
  0x000001107f47b3d0 JavaThread "Signal Dispatcher"          daemon [_thread_blocked, id=5716, stack(0x0000000ec2a00000,0x0000000ec2b00000) (1024K)]
  0x000001107f47c0e0 JavaThread "Attach Listener"            daemon [_thread_blocked, id=152, stack(0x0000000ec2b00000,0x0000000ec2c00000) (1024K)]
  0x000001107f47c870 JavaThread "Service Thread"             daemon [_thread_blocked, id=17724, stack(0x0000000ec2c00000,0x0000000ec2d00000) (1024K)]
  0x000001107f47dfd0 JavaThread "Monitor Deflation Thread"   daemon [_thread_blocked, id=7884, stack(0x0000000ec2d00000,0x0000000ec2e00000) (1024K)]
=>0x000001104d0271b0 JavaThread "C2 CompilerThread0"         daemon [_thread_in_native, id=32444, stack(0x0000000ec2e00000,0x0000000ec2f00000) (1024K)]
  0x000001104d032860 JavaThread "C1 CompilerThread0"         daemon [_thread_blocked, id=18368, stack(0x0000000ec2f00000,0x0000000ec3000000) (1024K)]
  0x000001107f44b390 JavaThread "Common-Cleaner"             daemon [_thread_blocked, id=30756, stack(0x0000000ec3000000,0x0000000ec3100000) (1024K)]
  0x000001104d93b650 JavaThread "Monitor Ctrl-Break"         daemon [_thread_in_native, id=9684, stack(0x0000000ec3200000,0x0000000ec3300000) (1024K)]
  0x000001104d90fa20 JavaThread "Notification Thread"        daemon [_thread_blocked, id=30532, stack(0x0000000ec3300000,0x0000000ec3400000) (1024K)]
  0x0000011051094fd0 JavaThread "boundedElastic-evictor-1"   daemon [_thread_blocked, id=18008, stack(0x0000000ec3d00000,0x0000000ec3e00000) (1024K)]
  0x000001104dfc9c80 JavaThread "spring.cloud.inetutils"     daemon [_thread_blocked, id=31848, stack(0x0000000ec3e00000,0x0000000ec3f00000) (1024K)]
  0x0000011050e4e650 JavaThread "spectator-gauge-polling-0"  daemon [_thread_blocked, id=12012, stack(0x0000000ec3f00000,0x0000000ec4000000) (1024K)]
  0x0000011051290aa0 JavaThread "AsyncResolver-bootstrap-%d" daemon [_thread_blocked, id=26052, stack(0x0000000ec4000000,0x0000000ec4100000) (1024K)]
  0x000001105127dff0 JavaThread "DiscoveryClient-%d"         daemon [_thread_blocked, id=3912, stack(0x0000000ec4100000,0x0000000ec4200000) (1024K)]
  0x000001105127c5b0 JavaThread "DiscoveryClient-%d"         daemon [_thread_blocked, id=29176, stack(0x0000000ec4200000,0x0000000ec4300000) (1024K)]
  0x000001105127f3a0 JavaThread "DiscoveryClient-InstanceInfoReplicator-%d" daemon [_thread_blocked, id=17728, stack(0x0000000ec4300000,0x0000000ec4400000) (1024K)]
  0x000001105127e680 JavaThread "reactor-http-nio-1"         daemon [_thread_in_native, id=23768, stack(0x0000000ec4400000,0x0000000ec4500000) (1024K)]
  0x000001105127ed10 JavaThread "server"                            [_thread_blocked, id=14964, stack(0x0000000ec4500000,0x0000000ec4600000) (1024K)]
  0x000001105127cc40 JavaThread "DestroyJavaVM"                     [_thread_blocked, id=29148, stack(0x0000000ec2000000,0x0000000ec2100000) (1024K)]
  0x000001105127bf20 JavaThread "reactor-http-nio-2"         daemon [_thread_in_native, id=15112, stack(0x0000000ec3100000,0x0000000ec3200000) (1024K)]
  0x000001105127d960 JavaThread "reactor-http-nio-3"         daemon [_thread_in_native, id=12384, stack(0x0000000ec4600000,0x0000000ec4700000) (1024K)]
  0x0000011050f81810 JavaThread "parallel-1"                 daemon [_thread_blocked, id=14328, stack(0x0000000ec4800000,0x0000000ec4900000) (1024K)]
  0x0000011050f82bc0 JavaThread "reactor-http-nio-4"         daemon [_thread_in_native, id=20072, stack(0x0000000ec4900000,0x0000000ec4a00000) (1024K)]
  0x0000011050f82530 JavaThread "reactor-http-nio-5"         daemon [_thread_in_native, id=6832, stack(0x0000000ec4a00000,0x0000000ec4b00000) (1024K)]
  0x0000011050f81ea0 JavaThread "reactor-http-nio-6"         daemon [_thread_in_native, id=22184, stack(0x0000000ec4b00000,0x0000000ec4c00000) (1024K)]
  0x0000011050f7f740 JavaThread "reactor-http-nio-7"         daemon [_thread_in_native, id=6708, stack(0x0000000ec4c00000,0x0000000ec4d00000) (1024K)]
  0x0000011050f80460 JavaThread "reactor-http-nio-8"         daemon [_thread_in_native, id=4628, stack(0x0000000ec4d00000,0x0000000ec4e00000) (1024K)]
  0x0000011050f80af0 JavaThread "Jndi-Dns-address-change-listener" daemon [_thread_in_native, id=6532, stack(0x0000000ec4e00000,0x0000000ec4f00000) (1024K)]
  0x0000011050f7fdd0 JavaThread "parallel-2"                 daemon [_thread_blocked, id=27472, stack(0x0000000ec4f00000,0x0000000ec5000000) (1024K)]
  0x000001104ea89210 JavaThread "parallel-3"                 daemon [_thread_blocked, id=32480, stack(0x0000000ec5200000,0x0000000ec5300000) (1024K)]
  0x000001104ea8c000 JavaThread "pool-5-thread-1"            daemon [_thread_blocked, id=7832, stack(0x0000000ec5300000,0x0000000ec5400000) (1024K)]
  0x000001104ea8ac50 JavaThread "parallel-4"                 daemon [_thread_blocked, id=19780, stack(0x0000000ec5100000,0x0000000ec5200000) (1024K)]
  0x000001104ea8b2e0 JavaThread "parallel-5"                 daemon [_thread_blocked, id=21696, stack(0x0000000ec5500000,0x0000000ec5600000) (1024K)]
  0x000001104ea8c690 JavaThread "DiscoveryClient-CacheRefreshExecutor-%d" daemon [_thread_blocked, id=14504, stack(0x0000000ec5400000,0x0000000ec5500000) (1024K)]
  0x000001104ea8b970 JavaThread "DiscoveryClient-HeartbeatExecutor-%d" daemon [_thread_blocked, id=20280, stack(0x0000000ec5600000,0x0000000ec5700000) (1024K)]
  0x000001104ea898a0 JavaThread "parallel-6"                 daemon [_thread_blocked, id=22016, stack(0x0000000ec5700000,0x0000000ec5800000) (1024K)]
  0x000001104ea89f30 JavaThread "parallel-7"                 daemon [_thread_blocked, id=22416, stack(0x0000000ec5800000,0x0000000ec5900000) (1024K)]
  0x000001104ea8a5c0 JavaThread "parallel-8"                 daemon [_thread_blocked, id=18848, stack(0x0000000ec5900000,0x0000000ec5a00000) (1024K)]
  0x0000011050f81180 JavaThread "AsyncResolver-bootstrap-executor-%d" daemon [_thread_blocked, id=6316, stack(0x0000000ec1e00000,0x0000000ec1f00000) (1024K)]
Total: 41

Other Threads:
  0x0000011063b6c280 VMThread "VM Thread"                           [id=12964, stack(0x0000000ec2700000,0x0000000ec2800000) (1024K)]
  0x000001107f44a8f0 WatcherThread "VM Periodic Task Thread"        [id=9896, stack(0x0000000ec2600000,0x0000000ec2700000) (1024K)]
  0x0000011063b6b060 WorkerThread "GC Thread#0"                     [id=12056, stack(0x0000000ec2100000,0x0000000ec2200000) (1024K)]
  0x0000011063b6bb40 WorkerThread "GC Thread#1"                     [id=11060, stack(0x0000000ec3400000,0x0000000ec3500000) (1024K)]
  0x0000011063b6bee0 WorkerThread "GC Thread#2"                     [id=11744, stack(0x0000000ec3500000,0x0000000ec3600000) (1024K)]
  0x0000011063b6c620 WorkerThread "GC Thread#3"                     [id=340, stack(0x0000000ec3600000,0x0000000ec3700000) (1024K)]
  0x000001104dec2470 WorkerThread "GC Thread#4"                     [id=32496, stack(0x0000000ec3700000,0x0000000ec3800000) (1024K)]
  0x000001104dec2bb0 WorkerThread "GC Thread#5"                     [id=16928, stack(0x0000000ec3800000,0x0000000ec3900000) (1024K)]
  0x000001104dec4170 WorkerThread "GC Thread#6"                     [id=33168, stack(0x0000000ec3900000,0x0000000ec3a00000) (1024K)]
  0x000001104dec2810 WorkerThread "GC Thread#7"                     [id=18712, stack(0x0000000ec3a00000,0x0000000ec3b00000) (1024K)]
  0x0000011065f02570 ConcurrentGCThread "G1 Main Marker"            [id=6616, stack(0x0000000ec2200000,0x0000000ec2300000) (1024K)]
  0x0000011063b6acc0 WorkerThread "G1 Conc#0"                       [id=9972, stack(0x0000000ec2300000,0x0000000ec2400000) (1024K)]
  0x000001104dec3dd0 WorkerThread "G1 Conc#1"                       [id=18456, stack(0x0000000ec3b00000,0x0000000ec3c00000) (1024K)]
  0x000001107f318770 ConcurrentGCThread "G1 Refine#0"               [id=7708, stack(0x0000000ec2400000,0x0000000ec2500000) (1024K)]
  0x000001107f318ba0 ConcurrentGCThread "G1 Service"                [id=1960, stack(0x0000000ec2500000,0x0000000ec2600000) (1024K)]
Total: 15

Threads with active compile tasks:
C2 CompilerThread0  425112 7487       4       org.springframework.core.convert.TypeDescriptor::equals (132 bytes)
Total: 1

VM state: not at safepoint (normal execution)

VM Mutex/Monitor currently owned by a thread: None

Heap address: 0x0000000684000000, size: 6080 MB, Compressed Oops mode: Zero based, Oop shift amount: 3

CDS archive(s) mapped at: [0x0000011008000000-0x0000011008c80000-0x0000011008c80000), size 13107200, SharedBaseAddress: 0x0000011008000000, ArchiveRelocationMode: 1.
Compressed class space mapped at: 0x0000011009000000-0x0000011049000000, reserved size: 1073741824
Narrow klass base: 0x0000011008000000, Narrow klass shift: 0, Narrow klass range: 0x100000000

GC Precious Log:
 CardTable entry size: 512
 Card Set container configuration: InlinePtr #cards 4 size 8 Array Of Cards #cards 32 size 80 Howl #buckets 8 coarsen threshold 7372 Howl Bitmap #cards 1024 size 144 coarsen threshold 921 Card regions per heap region 1 cards per card region 8192
 CPUs: 8 total, 8 available
 Memory: 24310M
 Large Page Support: Disabled
 NUMA Support: Disabled
 Compressed Oops: Enabled (Zero based)
 Heap Region Size: 4M
 Heap Min Capacity: 8M
 Heap Initial Capacity: 380M
 Heap Max Capacity: 6080M
 Pre-touch: Disabled
 Parallel Workers: 8
 Concurrent Workers: 2
 Concurrent Refinement Workers: 8
 Periodic GC: Disabled

Heap:
 garbage-first heap   total 86016K, used 33018K [0x0000000684000000, 0x0000000800000000)
  region size 4096K, 3 young (12288K), 2 survivors (8192K)
 Metaspace       used 57802K, committed 58624K, reserved 1114112K
  class space    used 7710K, committed 8064K, reserved 1048576K

Heap Regions: E=young(eden), S=young(survivor), O=old, HS=humongous(starts), HC=humongous(continues), CS=collection set, F=free, TAMS=top-at-mark-start, PB=parsable bottom
|   0|0x0000000684000000, 0x0000000684400000, 0x0000000684400000|100%| O|  |TAMS 0x0000000684000000| PB 0x0000000684000000| Untracked 
|   1|0x0000000684400000, 0x0000000684800000, 0x0000000684800000|100%| O|  |TAMS 0x0000000684400000| PB 0x0000000684400000| Untracked 
|   2|0x0000000684800000, 0x0000000684c00000, 0x0000000684c00000|100%| O|  |TAMS 0x0000000684800000| PB 0x0000000684800000| Untracked 
|   3|0x0000000684c00000, 0x0000000685000000, 0x0000000685000000|100%| O|  |TAMS 0x0000000684c00000| PB 0x0000000684c00000| Untracked 
|   4|0x0000000685000000, 0x0000000685400000, 0x0000000685400000|100%| O|  |TAMS 0x0000000685000000| PB 0x0000000685000000| Untracked 
|   5|0x0000000685400000, 0x0000000685800000, 0x0000000685800000|100%| O|  |TAMS 0x0000000685400000| PB 0x0000000685400000| Untracked 
|   6|0x0000000685800000, 0x0000000685b84d10, 0x0000000685c00000| 87%| O|  |TAMS 0x0000000685800000| PB 0x0000000685800000| Untracked 
|   7|0x0000000685c00000, 0x0000000686000000, 0x0000000686000000|100%| S|CS|TAMS 0x0000000685c00000| PB 0x0000000685c00000| Complete 
|   8|0x0000000686000000, 0x0000000686000000, 0x0000000686400000|  0%| F|  |TAMS 0x0000000686000000| PB 0x0000000686000000| Untracked 
|   9|0x0000000686400000, 0x0000000686400000, 0x0000000686800000|  0%| F|  |TAMS 0x0000000686400000| PB 0x0000000686400000| Untracked 
|  10|0x0000000686800000, 0x0000000686800000, 0x0000000686c00000|  0%| F|  |TAMS 0x0000000686800000| PB 0x0000000686800000| Untracked 
|  11|0x0000000686c00000, 0x0000000686c00000, 0x0000000687000000|  0%| F|  |TAMS 0x0000000686c00000| PB 0x0000000686c00000| Untracked 
|  12|0x0000000687000000, 0x0000000687000000, 0x0000000687400000|  0%| F|  |TAMS 0x0000000687000000| PB 0x0000000687000000| Untracked 
|  13|0x0000000687400000, 0x0000000687400000, 0x0000000687800000|  0%| F|  |TAMS 0x0000000687400000| PB 0x0000000687400000| Untracked 
|  14|0x0000000687800000, 0x0000000687800000, 0x0000000687c00000|  0%| F|  |TAMS 0x0000000687800000| PB 0x0000000687800000| Untracked 
|  15|0x0000000687c00000, 0x0000000687c00000, 0x0000000688000000|  0%| F|  |TAMS 0x0000000687c00000| PB 0x0000000687c00000| Untracked 
|  16|0x0000000688000000, 0x0000000688000000, 0x0000000688400000|  0%| F|  |TAMS 0x0000000688000000| PB 0x0000000688000000| Untracked 
|  17|0x0000000688400000, 0x0000000688400000, 0x0000000688800000|  0%| F|  |TAMS 0x0000000688400000| PB 0x0000000688400000| Untracked 
|  18|0x0000000688800000, 0x0000000688800000, 0x0000000688c00000|  0%| F|  |TAMS 0x0000000688800000| PB 0x0000000688800000| Untracked 
|  19|0x0000000688c00000, 0x0000000688cb9be0, 0x0000000689000000| 18%| S|CS|TAMS 0x0000000688c00000| PB 0x0000000688c00000| Complete 
|  94|0x000000069b800000, 0x000000069baaa3e8, 0x000000069bc00000| 66%| E|  |TAMS 0x000000069b800000| PB 0x000000069b800000| Complete 

Card table byte_map: [0x000001107e480000,0x000001107f060000] _byte_map_base: 0x000001107b060000

Marking Bits: (CMBitMap*) 0x0000011065ef5d30
 Bits: [0x0000011000000000, 0x0000011005f00000)

Polling page: 0x0000011063ca0000

Metaspace:

Usage:
  Non-class:     48.92 MB used.
      Class:      7.53 MB used.
       Both:     56.45 MB used.

Virtual space:
  Non-class space:       64.00 MB reserved,      49.38 MB ( 77%) committed,  1 nodes.
      Class space:        1.00 GB reserved,       7.88 MB ( <1%) committed,  1 nodes.
             Both:        1.06 GB reserved,      57.25 MB (  5%) committed. 

Chunk freelists:
   Non-Class:  14.42 MB
       Class:  8.04 MB
        Both:  22.47 MB

MaxMetaspaceSize: unlimited
CompressedClassSpaceSize: 1.00 GB
Initial GC threshold: 21.00 MB
Current GC threshold: 59.00 MB
CDS: on
 - commit_granule_bytes: 65536.
 - commit_granule_words: 8192.
 - virtual_space_node_default_size: 8388608.
 - enlarge_chunks_in_place: 1.
 - use_allocation_guard: 0.


Internal statistics:

num_allocs_failed_limit: 6.
num_arena_births: 1172.
num_arena_deaths: 0.
num_vsnodes_births: 2.
num_vsnodes_deaths: 0.
num_space_committed: 916.
num_space_uncommitted: 0.
num_chunks_returned_to_freelist: 6.
num_chunks_taken_from_freelist: 3258.
num_chunk_merges: 6.
num_chunk_splits: 2281.
num_chunks_enlarged: 1719.
num_inconsistent_stats: 0.

CodeHeap 'non-profiled nmethods': size=120000Kb used=4697Kb max_used=4697Kb free=115302Kb
 bounds [0x0000011076030000, 0x00000110764d0000, 0x000001107d560000]
CodeHeap 'profiled nmethods': size=120000Kb used=14576Kb max_used=14576Kb free=105423Kb
 bounds [0x000001106e560000, 0x000001106f3a0000, 0x0000011075a90000]
CodeHeap 'non-nmethods': size=5760Kb used=1838Kb max_used=1880Kb free=3921Kb
 bounds [0x0000011075a90000, 0x0000011075d00000, 0x0000011076030000]
CodeCache: size=245760Kb, used=21111Kb, max_used=21153Kb, free=224646Kb
 total_blobs=7771, nmethods=7087, adapters=588, full_count=0
Compilation: enabled, stopped_count=0, restarted_count=0

Compilation events (20 events):
Event: 424.954 Thread 0x000001104d032860 7484       3       org.springframework.validation.BeanPropertyBindingResult::<init> (10 bytes)
Event: 424.954 Thread 0x000001104d032860 nmethod 7484 0x000001106f394190 code [0x000001106f394340, 0x000001106f3945c8]
Event: 424.954 Thread 0x000001104d032860 7486   !   3       org.springframework.validation.beanvalidation.SpringValidatorAdapter::processConstraintViolations (281 bytes)
Event: 424.956 Thread 0x000001104d032860 nmethod 7486 0x000001106f394710 code [0x000001106f394b00, 0x000001106f396a78]
Event: 424.956 Thread 0x000001104d032860 7481       3       org.hibernate.validator.internal.util.logging.Messages_$bundle::validatedObjectMustNotBeNull (5 bytes)
Event: 424.956 Thread 0x000001104d032860 nmethod 7481 0x000001106f397890 code [0x000001106f397a40, 0x000001106f397bb0]
Event: 424.956 Thread 0x000001104d032860 7482       3       org.hibernate.validator.internal.engine.ValidatorImpl::sanityCheckGroups (60 bytes)
Event: 424.957 Thread 0x000001104d032860 nmethod 7482 0x000001106f397c90 code [0x000001106f397ea0, 0x000001106f3983e8]
Event: 424.957 Thread 0x000001104d032860 7483       3       org.hibernate.validator.internal.util.logging.Messages_$bundle::groupMustNotBeNull (5 bytes)
Event: 424.957 Thread 0x000001104d032860 nmethod 7483 0x000001106f398690 code [0x000001106f398840, 0x000001106f3989b0]
Event: 424.957 Thread 0x000001104d032860 7489       3       org.springframework.boot.context.properties.bind.Binder::<init> (190 bytes)
Event: 424.960 Thread 0x000001104d032860 nmethod 7489 0x000001106f398a90 code [0x000001106f398e80, 0x000001106f39af00]
Event: 424.960 Thread 0x000001104d032860 7488       3       org.springframework.boot.context.properties.bind.Bindable::of (14 bytes)
Event: 424.960 Thread 0x000001104d032860 nmethod 7488 0x000001106f39b810 code [0x000001106f39ba00, 0x000001106f39bd88]
Event: 424.960 Thread 0x000001104d032860 7490       3       org.springframework.boot.context.properties.bind.Binder::<init> (13 bytes)
Event: 424.960 Thread 0x000001104d032860 nmethod 7490 0x000001106f39bf10 code [0x000001106f39c0c0, 0x000001106f39c200]
Event: 424.965 Thread 0x000001104d0271b0 nmethod 7475 0x00000110764c3910 code [0x00000110764c3b80, 0x00000110764c4860]
Event: 424.965 Thread 0x000001104d0271b0 7479       4       org.springframework.boot.context.properties.source.ConfigurationPropertyName::hashCode (127 bytes)
Event: 424.978 Thread 0x000001104d0271b0 nmethod 7479 0x00000110764c5090 code [0x00000110764c52e0, 0x00000110764c5eb0]
Event: 424.978 Thread 0x000001104d0271b0 7487       4       org.springframework.core.convert.TypeDescriptor::equals (132 bytes)

GC Heap History (20 events):
Event: 0.771 GC heap before
{Heap before GC invocations=1 (full 0):
 garbage-first heap   total 389120K, used 19214K [0x0000000684000000, 0x0000000800000000)
  region size 4096K, 4 young (16384K), 1 survivors (4096K)
 Metaspace       used 7232K, committed 7424K, reserved 1114112K
  class space    used 865K, committed 960K, reserved 1048576K
}
Event: 0.774 GC heap after
{Heap after GC invocations=2 (full 0):
 garbage-first heap   total 389120K, used 8197K [0x0000000684000000, 0x0000000800000000)
  region size 4096K, 1 young (4096K), 1 survivors (4096K)
 Metaspace       used 7232K, committed 7424K, reserved 1114112K
  class space    used 865K, committed 960K, reserved 1048576K
}
Event: 1.405 GC heap before
{Heap before GC invocations=2 (full 0):
 garbage-first heap   total 389120K, used 53253K [0x0000000684000000, 0x0000000800000000)
  region size 4096K, 13 young (53248K), 1 survivors (4096K)
 Metaspace       used 18955K, committed 19264K, reserved 1114112K
  class space    used 2398K, committed 2560K, reserved 1048576K
}
Event: 1.409 GC heap after
{Heap after GC invocations=3 (full 0):
 garbage-first heap   total 389120K, used 12103K [0x0000000684000000, 0x0000000800000000)
  region size 4096K, 2 young (8192K), 2 survivors (8192K)
 Metaspace       used 18955K, committed 19264K, reserved 1114112K
  class space    used 2398K, committed 2560K, reserved 1048576K
}
Event: 1.617 GC heap before
{Heap before GC invocations=3 (full 0):
 garbage-first heap   total 389120K, used 24391K [0x0000000684000000, 0x0000000800000000)
  region size 4096K, 7 young (28672K), 2 survivors (8192K)
 Metaspace       used 21271K, committed 21504K, reserved 1114112K
  class space    used 2694K, committed 2816K, reserved 1048576K
}
Event: 1.620 GC heap after
{Heap after GC invocations=4 (full 0):
 garbage-first heap   total 389120K, used 13897K [0x0000000684000000, 0x0000000800000000)
  region size 4096K, 2 young (8192K), 2 survivors (8192K)
 Metaspace       used 21271K, committed 21504K, reserved 1114112K
  class space    used 2694K, committed 2816K, reserved 1048576K
}
Event: 1.975 GC heap before
{Heap before GC invocations=5 (full 0):
 garbage-first heap   total 57344K, used 38473K [0x0000000684000000, 0x0000000800000000)
  region size 4096K, 8 young (32768K), 2 survivors (8192K)
 Metaspace       used 23541K, committed 23808K, reserved 1114112K
  class space    used 2991K, committed 3136K, reserved 1048576K
}
Event: 1.981 GC heap after
{Heap after GC invocations=6 (full 0):
 garbage-first heap   total 57344K, used 15125K [0x0000000684000000, 0x0000000800000000)
  region size 4096K, 1 young (4096K), 1 survivors (4096K)
 Metaspace       used 23541K, committed 23808K, reserved 1114112K
  class space    used 2991K, committed 3136K, reserved 1048576K
}
Event: 2.511 GC heap before
{Heap before GC invocations=6 (full 0):
 garbage-first heap   total 57344K, used 39701K [0x0000000684000000, 0x0000000800000000)
  region size 4096K, 7 young (28672K), 1 survivors (4096K)
 Metaspace       used 28367K, committed 28736K, reserved 1114112K
  class space    used 3684K, committed 3840K, reserved 1048576K
}
Event: 2.518 GC heap after
{Heap after GC invocations=7 (full 0):
 garbage-first heap   total 57344K, used 17070K [0x0000000684000000, 0x0000000800000000)
  region size 4096K, 1 young (4096K), 1 survivors (4096K)
 Metaspace       used 28367K, committed 28736K, reserved 1114112K
  class space    used 3684K, committed 3840K, reserved 1048576K
}
Event: 2.925 GC heap before
{Heap before GC invocations=7 (full 0):
 garbage-first heap   total 57344K, used 41646K [0x0000000684000000, 0x0000000800000000)
  region size 4096K, 7 young (28672K), 1 survivors (4096K)
 Metaspace       used 33705K, committed 34240K, reserved 1114112K
  class space    used 4453K, committed 4672K, reserved 1048576K
}
Event: 2.935 GC heap after
{Heap after GC invocations=8 (full 0):
 garbage-first heap   total 57344K, used 19571K [0x0000000684000000, 0x0000000800000000)
  region size 4096K, 1 young (4096K), 1 survivors (4096K)
 Metaspace       used 33705K, committed 34240K, reserved 1114112K
  class space    used 4453K, committed 4672K, reserved 1048576K
}
Event: 3.158 GC heap before
{Heap before GC invocations=8 (full 0):
 garbage-first heap   total 57344K, used 27763K [0x0000000684000000, 0x0000000800000000)
  region size 4096K, 4 young (16384K), 1 survivors (4096K)
 Metaspace       used 35512K, committed 35968K, reserved 1114112K
  class space    used 4686K, committed 4864K, reserved 1048576K
}
Event: 3.163 GC heap after
{Heap after GC invocations=9 (full 0):
 garbage-first heap   total 225280K, used 20124K [0x0000000684000000, 0x0000000800000000)
  region size 4096K, 1 young (4096K), 1 survivors (4096K)
 Metaspace       used 35512K, committed 35968K, reserved 1114112K
  class space    used 4686K, committed 4864K, reserved 1048576K
}
Event: 3.962 GC heap before
{Heap before GC invocations=10 (full 0):
 garbage-first heap   total 81920K, used 65180K [0x0000000684000000, 0x0000000800000000)
  region size 4096K, 12 young (49152K), 1 survivors (4096K)
 Metaspace       used 41109K, committed 41728K, reserved 1114112K
  class space    used 5478K, committed 5760K, reserved 1048576K
}
Event: 3.970 GC heap after
{Heap after GC invocations=11 (full 0):
 garbage-first heap   total 81920K, used 23654K [0x0000000684000000, 0x0000000800000000)
  region size 4096K, 2 young (8192K), 2 survivors (8192K)
 Metaspace       used 41109K, committed 41728K, reserved 1114112K
  class space    used 5478K, committed 5760K, reserved 1048576K
}
Event: 13.130 GC heap before
{Heap before GC invocations=11 (full 0):
 garbage-first heap   total 81920K, used 60518K [0x0000000684000000, 0x0000000800000000)
  region size 4096K, 12 young (49152K), 2 survivors (8192K)
 Metaspace       used 50801K, committed 51520K, reserved 1114112K
  class space    used 6750K, committed 7040K, reserved 1048576K
}
Event: 13.142 GC heap after
{Heap after GC invocations=12 (full 0):
 garbage-first heap   total 81920K, used 27809K [0x0000000684000000, 0x0000000800000000)
  region size 4096K, 2 young (8192K), 2 survivors (8192K)
 Metaspace       used 50801K, committed 51520K, reserved 1114112K
  class space    used 6750K, committed 7040K, reserved 1048576K
}
Event: 364.833 GC heap before
{Heap before GC invocations=12 (full 0):
 garbage-first heap   total 81920K, used 68769K [0x0000000684000000, 0x0000000800000000)
  region size 4096K, 12 young (49152K), 2 survivors (8192K)
 Metaspace       used 57738K, committed 58560K, reserved 1114112K
  class space    used 7710K, committed 8064K, reserved 1048576K
}
Event: 364.849 GC heap after
{Heap after GC invocations=13 (full 0):
 garbage-first heap   total 86016K, used 33018K [0x0000000684000000, 0x0000000800000000)
  region size 4096K, 2 young (8192K), 2 survivors (8192K)
 Metaspace       used 57738K, committed 58560K, reserved 1114112K
  class space    used 7710K, committed 8064K, reserved 1048576K
}

Dll operation events (14 events):
Event: 0.008 Loaded shared library C:\Users\ADMIN\.jdks\ms-21.0.8\bin\java.dll
Event: 0.039 Loaded shared library C:\Users\ADMIN\.jdks\ms-21.0.8\bin\jsvml.dll
Event: 0.127 Loaded shared library C:\Users\ADMIN\.jdks\ms-21.0.8\bin\zip.dll
Event: 0.130 Loaded shared library C:\Users\ADMIN\.jdks\ms-21.0.8\bin\instrument.dll
Event: 0.135 Loaded shared library C:\Users\ADMIN\.jdks\ms-21.0.8\bin\net.dll
Event: 0.137 Loaded shared library C:\Users\ADMIN\.jdks\ms-21.0.8\bin\nio.dll
Event: 0.140 Loaded shared library C:\Users\ADMIN\.jdks\ms-21.0.8\bin\zip.dll
Event: 0.234 Loaded shared library D:\Download\IntelliJ IDEA Community Edition 2024.2.1\bin\breakgen64.dll
Event: 0.242 Loaded shared library C:\Users\ADMIN\.jdks\ms-21.0.8\bin\extnet.dll
Event: 0.269 Loaded shared library C:\Users\ADMIN\.jdks\ms-21.0.8\bin\jimage.dll
Event: 4.202 Loaded shared library C:\Users\ADMIN\.jdks\ms-21.0.8\bin\verify.dll
Event: 4.436 Loaded shared library C:\Users\ADMIN\.jdks\ms-21.0.8\bin\sunmscapi.dll
Event: 4.562 Loaded shared library C:\Users\ADMIN\.jdks\ms-21.0.8\bin\management.dll
Event: 4.565 Loaded shared library C:\Users\ADMIN\.jdks\ms-21.0.8\bin\management_ext.dll

Deoptimization events (20 events):
Event: 34.365 Thread 0x000001104ea8c690 Uncommon trap: trap_request=0xffffffde fr.pc=0x000001107616c624 relative=0x0000000000001a44
Event: 34.365 Thread 0x000001104ea8c690 Uncommon trap: reason=class_check action=maybe_recompile pc=0x000001107616c624 method=java.util.zip.InflaterInputStream.read([BII)I @ 78 c2
Event: 34.365 Thread 0x000001104ea8c690 DEOPT PACKING pc=0x000001107616c624 sp=0x0000000ec54fd190
Event: 34.365 Thread 0x000001104ea8c690 DEOPT UNPACKING pc=0x0000011075ae7da2 sp=0x0000000ec54fd1f0 mode 2
Event: 41.675 Thread 0x000001104ea8a5c0 Uncommon trap: trap_request=0xffffffc6 fr.pc=0x00000110763633d4 relative=0x00000000000004b4
Event: 41.675 Thread 0x000001104ea8a5c0 Uncommon trap: reason=bimorphic_or_optimized_type_check action=maybe_recompile pc=0x00000110763633d4 method=java.util.Collections$UnmodifiableMap.containsKey(Ljava/lang/Object;)Z @ 5 c2
Event: 41.675 Thread 0x000001104ea8a5c0 DEOPT PACKING pc=0x00000110763633d4 sp=0x0000000ec59f72a0
Event: 41.675 Thread 0x000001104ea8a5c0 DEOPT UNPACKING pc=0x0000011075ae7da2 sp=0x0000000ec59f7248 mode 2
Event: 41.704 Thread 0x0000011050f80460 Uncommon trap: trap_request=0xffffff45 fr.pc=0x0000011076472a40 relative=0x0000000000000120
Event: 41.704 Thread 0x0000011050f80460 Uncommon trap: reason=unstable_if action=reinterpret pc=0x0000011076472a40 method=java.math.BigInteger.addOne([IIII)I @ 55 c2
Event: 41.704 Thread 0x0000011050f80460 DEOPT PACKING pc=0x0000011076472a40 sp=0x0000000ec4dfa420
Event: 41.704 Thread 0x0000011050f80460 DEOPT UNPACKING pc=0x0000011075ae7da2 sp=0x0000000ec4dfa3c0 mode 2
Event: 41.710 Thread 0x0000011050f81810 Uncommon trap: trap_request=0xffffffc6 fr.pc=0x00000110763633d4 relative=0x00000000000004b4
Event: 41.710 Thread 0x0000011050f81810 Uncommon trap: reason=bimorphic_or_optimized_type_check action=maybe_recompile pc=0x00000110763633d4 method=java.util.Collections$UnmodifiableMap.containsKey(Ljava/lang/Object;)Z @ 5 c2
Event: 41.710 Thread 0x0000011050f81810 DEOPT PACKING pc=0x00000110763633d4 sp=0x0000000ec48f7110
Event: 41.710 Thread 0x0000011050f81810 DEOPT UNPACKING pc=0x0000011075ae7da2 sp=0x0000000ec48f70b8 mode 2
Event: 64.388 Thread 0x000001105127c5b0 Uncommon trap: trap_request=0xffffff54 fr.pc=0x000001107622d260 relative=0x0000000000005d00
Event: 64.388 Thread 0x000001105127c5b0 Uncommon trap: reason=speculate_null_assert action=make_not_entrant pc=0x000001107622d260 method=jdk.internal.util.ReferencedKeyMap.internKey(Ljdk/internal/util/ReferencedKeyMap;Ljava/lang/Object;)Ljava/lang/Object; @ 28 c2
Event: 64.388 Thread 0x000001105127c5b0 DEOPT PACKING pc=0x000001107622d260 sp=0x0000000ec42fe2f0
Event: 64.389 Thread 0x000001105127c5b0 DEOPT UNPACKING pc=0x0000011075ae7da2 sp=0x0000000ec42fe140 mode 2

Classes loaded (20 events):
Event: 19.015 Loading class sun/reflect/annotation/TypeNotPresentExceptionProxy
Event: 19.015 Loading class sun/reflect/annotation/TypeNotPresentExceptionProxy done
Event: 19.016 Loading class java/lang/invoke/WrongMethodTypeException
Event: 19.016 Loading class java/lang/invoke/WrongMethodTypeException done
Event: 19.343 Loading class sun/nio/ch/IOVecWrapper
Event: 19.343 Loading class sun/nio/ch/IOVecWrapper done
Event: 19.343 Loading class sun/nio/ch/AllocatedNativeObject
Event: 19.344 Loading class sun/nio/ch/NativeObject
Event: 19.344 Loading class sun/nio/ch/NativeObject done
Event: 19.344 Loading class sun/nio/ch/AllocatedNativeObject done
Event: 19.344 Loading class sun/nio/ch/IOVecWrapper$Deallocator
Event: 19.344 Loading class sun/nio/ch/IOVecWrapper$Deallocator done
Event: 54.119 Loading class java/util/concurrent/ConcurrentSkipListMap$SubMap
Event: 54.119 Loading class java/util/concurrent/ConcurrentSkipListMap$SubMap done
Event: 54.120 Loading class java/util/concurrent/ConcurrentSkipListMap$Values
Event: 54.120 Loading class java/util/concurrent/ConcurrentSkipListMap$Values done
Event: 54.120 Loading class java/util/concurrent/ConcurrentSkipListMap$SubMap$SubMapValueIterator
Event: 54.120 Loading class java/util/concurrent/ConcurrentSkipListMap$SubMap$SubMapIter
Event: 54.120 Loading class java/util/concurrent/ConcurrentSkipListMap$SubMap$SubMapIter done
Event: 54.120 Loading class java/util/concurrent/ConcurrentSkipListMap$SubMap$SubMapValueIterator done

Classes unloaded (0 events):
No events

Classes redefined (0 events):
No events

Internal exceptions (20 events):
Event: 13.176 Thread 0x000001105127d960 Exception <a 'java/lang/NoSuchMethodError'{0x000000069b9d9408}: 'void java.lang.invoke.DirectMethodHandle$Holder.invokeSpecial(java.lang.Object, java.lang.Object, int)'> (0x000000069b9d9408) 
thrown [s\src\hotspot\share\interpreter\linkResolver.cpp, line 773]
Event: 13.199 Thread 0x000001105127d960 Exception <a 'java/lang/NoSuchMethodError'{0x000000069bb173b8}: 'java.lang.Object java.lang.invoke.Invokers$Holder.linkToTargetMethod(java.lang.Object, long, java.lang.Object)'> (0x000000069bb173b8) 
thrown [s\src\hotspot\share\interpreter\linkResolver.cpp, line 773]
Event: 13.372 Thread 0x0000011050f81810 Exception <a 'java/lang/NoSuchMethodError'{0x00000006886c1e80}: 'java.lang.Object java.lang.invoke.DirectMethodHandle$Holder.newInvokeSpecial(java.lang.Object, java.lang.Object, java.lang.Object, int)'> (0x00000006886c1e80) 
thrown [s\src\hotspot\share\interpreter\linkResolver.cpp, line 773]
Event: 13.372 Thread 0x0000011050f81810 Exception <a 'java/lang/NoSuchMethodError'{0x00000006886c5fe0}: 'java.lang.Object java.lang.invoke.DirectMethodHandle$Holder.invokeSpecial(java.lang.Object, java.lang.Object, java.lang.Object, java.lang.Object, int)'> (0x00000006886c5fe0) 
thrown [s\src\hotspot\share\interpreter\linkResolver.cpp, line 773]
Event: 13.373 Thread 0x0000011050f81810 Exception <a 'java/lang/NoSuchMethodError'{0x00000006886c9728}: 'java.lang.Object java.lang.invoke.Invokers$Holder.linkToTargetMethod(java.lang.Object, java.lang.Object, int, java.lang.Object)'> (0x00000006886c9728) 
thrown [s\src\hotspot\share\interpreter\linkResolver.cpp, line 773]
Event: 13.412 Thread 0x0000011050f81810 Exception <a 'java/io/FileNotFoundException'{0x0000000688071ad8}> (0x0000000688071ad8) 
thrown [s\src\hotspot\share\prims\jni.cpp, line 520]
Event: 13.430 Thread 0x0000011050f81810 Exception <a 'sun/nio/fs/WindowsException'{0x00000006880dc0f0}> (0x00000006880dc0f0) 
thrown [s\src\hotspot\share\prims\jni.cpp, line 520]
Event: 13.460 Thread 0x0000011050f81810 Exception <a 'java/lang/NoSuchMethodError'{0x0000000688128458}: 'java.lang.Object java.lang.invoke.DirectMethodHandle$Holder.newInvokeSpecial(java.lang.Object, java.lang.Object, java.lang.Object, java.lang.Object, java.lang.Object, java.lang.Object)'> (0x0000000688128458) 
thrown [s\src\hotspot\share\interpreter\linkResolver.cpp, line 773]
Event: 13.476 Thread 0x0000011050f81810 Exception <a 'java/lang/NoSuchMethodError'{0x00000006881dc930}: 'java.lang.Object java.lang.invoke.DirectMethodHandle$Holder.newInvokeSpecial(java.lang.Object, java.lang.Object, long, java.lang.Object)'> (0x00000006881dc930) 
thrown [s\src\hotspot\share\interpreter\linkResolver.cpp, line 773]
Event: 13.513 Thread 0x0000011050f82530 Exception <a 'java/lang/NoSuchMethodError'{0x00000006883947f8}: 'java.lang.Object java.lang.invoke.DirectMethodHandle$Holder.invokeStatic(java.lang.Object, java.lang.Object, java.lang.Object, int, java.lang.Object, java.lang.Object)'> (0x00000006883947f8) 
thrown [s\src\hotspot\share\interpreter\linkResolver.cpp, line 773]
Event: 13.518 Thread 0x0000011050f82530 Exception <a 'java/lang/NoSuchMethodError'{0x00000006883c5518}: 'java.lang.Object java.lang.invoke.DirectMethodHandle$Holder.newInvokeSpecial(java.lang.Object, java.lang.Object, java.lang.Object, java.lang.Object, int, java.lang.Object)'> (0x00000006883c5518) 
thrown [s\src\hotspot\share\interpreter\linkResolver.cpp, line 773]
Event: 13.518 Thread 0x0000011050f82530 Exception <a 'java/lang/NoSuchMethodError'{0x00000006883c9330}: 'java.lang.Object java.lang.invoke.DirectMethodHandle$Holder.invokeSpecial(java.lang.Object, java.lang.Object, java.lang.Object, java.lang.Object, java.lang.Object, int, java.lang.Object)'> (0x00000006883c9330) 
thrown [s\src\hotspot\share\interpreter\linkResolver.cpp, line 773]
Event: 13.518 Thread 0x0000011050f82530 Exception <a 'java/lang/NoSuchMethodError'{0x00000006883cc9a8}: 'java.lang.Object java.lang.invoke.Invokers$Holder.linkToTargetMethod(java.lang.Object, java.lang.Object, java.lang.Object, int, java.lang.Object, java.lang.Object)'> (0x00000006883cc9a8) 
thrown [s\src\hotspot\share\interpreter\linkResolver.cpp, line 773]
Event: 13.528 Thread 0x0000011050f82530 Exception <a 'java/lang/IncompatibleClassChangeError'{0x0000000687c092c0}: Found class java.lang.Object, but interface was expected> (0x0000000687c092c0) 
thrown [s\src\hotspot\share\interpreter\linkResolver.cpp, line 840]
Event: 19.096 Thread 0x0000011050f7fdd0 Exception <a 'java/lang/NoSuchMethodError'{0x0000000687b47878}: 'int java.lang.invoke.DirectMethodHandle$Holder.invokeStatic(java.lang.Object, java.lang.Object, java.lang.Object, java.lang.Object, java.lang.Object)'> (0x0000000687b47878) 
thrown [s\src\hotspot\share\interpreter\linkResolver.cpp, line 773]
Event: 19.100 Thread 0x0000011050f7fdd0 Exception <a 'java/lang/NoSuchMethodError'{0x0000000687b5ea50}: 'void java.lang.invoke.DirectMethodHandle$Holder.invokeSpecial(java.lang.Object, java.lang.Object, java.lang.Object, java.lang.Object, java.lang.Object, java.lang.Object, java.lang.Object, java.lang.Object)'> (0x0000000687b5ea50) 
thrown [s\src\hotspot\share\interpreter\linkResolver.cpp, line 773]
Event: 19.112 Thread 0x0000011050f7fdd0 Exception <a 'java/lang/NoSuchMethodError'{0x0000000687bb1088}: 'java.lang.Object java.lang.invoke.DirectMethodHandle$Holder.invokeInterface(java.lang.Object, java.lang.Object, java.lang.Object, int)'> (0x0000000687bb1088) 
thrown [s\src\hotspot\share\interpreter\linkResolver.cpp, line 773]
Event: 19.150 Thread 0x0000011050f81ea0 Exception <a 'java/lang/NoSuchMethodError'{0x000000068748fb40}: 'void java.lang.invoke.DirectMethodHandle$Holder.invokeStaticInit(java.lang.Object)'> (0x000000068748fb40) 
thrown [s\src\hotspot\share\interpreter\linkResolver.cpp, line 773]
Event: 19.342 Thread 0x000001105127d960 Exception <a 'java/lang/NoSuchMethodError'{0x00000006875220b8}: 'void java.lang.invoke.DirectMethodHandle$Holder.invokeSpecial(java.lang.Object, java.lang.Object, long)'> (0x00000006875220b8) 
thrown [s\src\hotspot\share\interpreter\linkResolver.cpp, line 773]
Event: 19.342 Thread 0x000001105127d960 Exception <a 'java/lang/NoSuchMethodError'{0x0000000687527640}: 'java.lang.Object java.lang.invoke.DirectMethodHandle$Holder.newInvokeSpecial(java.lang.Object, java.lang.Object, long)'> (0x0000000687527640) 
thrown [s\src\hotspot\share\interpreter\linkResolver.cpp, line 773]

ZGC Phase Switch (0 events):
No events

VM Operations (20 events):
Event: 240.704 Executing VM operation: HandshakeAllThreads (HandshakeForDeflation)
Event: 240.704 Executing VM operation: HandshakeAllThreads (HandshakeForDeflation) done
Event: 240.704 Executing VM operation: RendezvousGCThreads
Event: 240.704 Executing VM operation: RendezvousGCThreads done
Event: 244.730 Executing VM operation: Cleanup
Event: 244.731 Executing VM operation: Cleanup done
Event: 269.917 Executing VM operation: Cleanup
Event: 269.917 Executing VM operation: Cleanup done
Event: 274.950 Executing VM operation: Cleanup
Event: 274.950 Executing VM operation: Cleanup done
Event: 305.191 Executing VM operation: Cleanup
Event: 305.191 Executing VM operation: Cleanup done
Event: 335.481 Executing VM operation: Cleanup
Event: 335.481 Executing VM operation: Cleanup done
Event: 364.833 Executing VM operation: G1CollectForAllocation (G1 Evacuation Pause)
Event: 364.849 Executing VM operation: G1CollectForAllocation (G1 Evacuation Pause) done
Event: 365.859 Executing VM operation: Cleanup
Event: 365.859 Executing VM operation: Cleanup done
Event: 395.027 Executing VM operation: Cleanup
Event: 395.027 Executing VM operation: Cleanup done

Memory protections (0 events):
No events

Nmethod flushes (20 events):
Event: 3.179 Thread 0x0000011063b6c280 flushing  nmethod 0x000001106e80f190
Event: 3.179 Thread 0x0000011063b6c280 flushing  nmethod 0x000001106e83df90
Event: 3.179 Thread 0x0000011063b6c280 flushing  nmethod 0x000001106e885610
Event: 3.179 Thread 0x0000011063b6c280 flushing  nmethod 0x000001106e885b90
Event: 3.179 Thread 0x0000011063b6c280 flushing  nmethod 0x000001106e894790
Event: 3.179 Thread 0x0000011063b6c280 flushing  nmethod 0x000001106e8e0810
Event: 3.179 Thread 0x0000011063b6c280 flushing  nmethod 0x000001106e8e1e10
Event: 3.179 Thread 0x0000011063b6c280 flushing  nmethod 0x000001106e91b210
Event: 3.179 Thread 0x0000011063b6c280 flushing  nmethod 0x000001106e942e10
Event: 3.179 Thread 0x0000011063b6c280 flushing  nmethod 0x000001106e946810
Event: 3.179 Thread 0x0000011063b6c280 flushing  nmethod 0x000001106e951310
Event: 3.179 Thread 0x0000011063b6c280 flushing  nmethod 0x000001106e957010
Event: 3.179 Thread 0x0000011063b6c280 flushing  nmethod 0x000001106e958710
Event: 3.179 Thread 0x0000011063b6c280 flushing  nmethod 0x000001106e959110
Event: 3.179 Thread 0x0000011063b6c280 flushing  nmethod 0x000001106e989590
Event: 3.179 Thread 0x0000011063b6c280 flushing osr nmethod 0x000001106e98a890
Event: 3.179 Thread 0x0000011063b6c280 flushing  nmethod 0x000001106e98f390
Event: 3.179 Thread 0x0000011063b6c280 flushing osr nmethod 0x000001106e993690
Event: 3.179 Thread 0x0000011063b6c280 flushing  nmethod 0x000001106e9ea810
Event: 3.179 Thread 0x0000011063b6c280 flushing  nmethod 0x000001106e9ebe90

Events (20 events):
Event: 13.511 Thread 0x000001104d0271b0 Thread added: 0x000001104d031ac0
Event: 13.996 Thread 0x000001104d031ac0 Thread exited: 0x000001104d031ac0
Event: 18.974 Thread 0x0000011050f81180 Thread added: 0x0000011050f7fdd0
Event: 19.029 Thread 0x000001104d0271b0 Thread added: 0x000001104d02f8b0
Event: 19.104 Thread 0x000001104d032860 Thread added: 0x000001104d02ff80
Event: 19.111 Thread 0x0000011050f7fdd0 Thread added: 0x000001104ea89210
Event: 19.116 Thread 0x0000011050f7fdd0 Thread added: 0x000001104ea8c000
Event: 24.005 Thread 0x000001104d02ff80 Thread exited: 0x000001104d02ff80
Event: 29.010 Thread 0x000001104d02f8b0 Thread exited: 0x000001104d02f8b0
Event: 31.189 Thread 0x0000011050f81180 Thread added: 0x000001104ea8ac50
Event: 31.217 Thread 0x000001104d032860 Thread added: 0x000001104d031ac0
Event: 31.241 Thread 0x000001104ea8ac50 Thread added: 0x000001104ea8b2e0
Event: 34.006 Thread 0x000001104d031ac0 Thread exited: 0x000001104d031ac0
Event: 34.346 Thread 0x000001105127dff0 Thread added: 0x000001104ea8c690
Event: 34.346 Thread 0x000001105127c5b0 Thread added: 0x000001104ea8b970
Event: 41.637 Thread 0x0000011050f81180 Thread added: 0x000001104ea898a0
Event: 41.640 Thread 0x0000011050f81180 Thread added: 0x000001104ea89f30
Event: 41.653 Thread 0x0000011050f81180 Thread added: 0x000001104ea8a5c0
Event: 302.624 Thread 0x0000011050f81180 Thread exited: 0x0000011050f81180
Event: 304.017 Thread 0x0000011051290aa0 Thread added: 0x0000011050f81180


Dynamic libraries:
0x00007ff74c3b0000 - 0x00007ff74c3be000 	C:\Users\ADMIN\.jdks\ms-21.0.8\bin\java.exe
0x00007fffdcd20000 - 0x00007fffdcf88000 	C:\WINDOWS\SYSTEM32\ntdll.dll
0x00007fffdaac0000 - 0x00007fffdab89000 	C:\WINDOWS\System32\KERNEL32.DLL
0x00007fffda280000 - 0x00007fffda678000 	C:\WINDOWS\System32\KERNELBASE.dll
0x00007fffda680000 - 0x00007fffda7cb000 	C:\WINDOWS\System32\ucrtbase.dll
0x00007fffcdc20000 - 0x00007fffcdc3e000 	C:\Users\ADMIN\.jdks\ms-21.0.8\bin\VCRUNTIME140.dll
0x00007fffcdc40000 - 0x00007fffcdc58000 	C:\Users\ADMIN\.jdks\ms-21.0.8\bin\jli.dll
0x00007fffdcab0000 - 0x00007fffdcc77000 	C:\WINDOWS\System32\USER32.dll
0x00007fffc55f0000 - 0x00007fffc5884000 	C:\WINDOWS\WinSxS\amd64_microsoft.windows.common-controls_6595b64144ccf1df_6.0.26100.7019_none_3e06ffa0e335b8a8\COMCTL32.dll
0x00007fffda100000 - 0x00007fffda127000 	C:\WINDOWS\System32\win32u.dll
0x00007fffdc850000 - 0x00007fffdc8f9000 	C:\WINDOWS\System32\msvcrt.dll
0x00007fffdcc90000 - 0x00007fffdccbb000 	C:\WINDOWS\System32\GDI32.dll
0x00007fffd9e70000 - 0x00007fffd9f9c000 	C:\WINDOWS\System32\gdi32full.dll
0x00007fffda050000 - 0x00007fffda0f3000 	C:\WINDOWS\System32\msvcp_win.dll
0x00007fffdbe10000 - 0x00007fffdbe41000 	C:\WINDOWS\System32\IMM32.DLL
0x00007fffd38c0000 - 0x00007fffd38cc000 	C:\Users\ADMIN\.jdks\ms-21.0.8\bin\vcruntime140_1.dll
0x00007fff95e50000 - 0x00007fff95ed9000 	C:\Users\ADMIN\.jdks\ms-21.0.8\bin\msvcp140.dll
0x00007fff40e40000 - 0x00007fff41bec000 	C:\Users\ADMIN\.jdks\ms-21.0.8\bin\server\jvm.dll
0x00007fffdb3c0000 - 0x00007fffdb474000 	C:\WINDOWS\System32\ADVAPI32.dll
0x00007fffdb200000 - 0x00007fffdb2a6000 	C:\WINDOWS\System32\sechost.dll
0x00007fffdc910000 - 0x00007fffdca28000 	C:\WINDOWS\System32\RPCRT4.dll
0x00007fffdca30000 - 0x00007fffdcaa4000 	C:\WINDOWS\System32\WS2_32.dll
0x00007fffd9cd0000 - 0x00007fffd9d2e000 	C:\WINDOWS\SYSTEM32\POWRPROF.dll
0x00007fffd2670000 - 0x00007fffd26a5000 	C:\WINDOWS\SYSTEM32\WINMM.dll
0x00007fffcae40000 - 0x00007fffcae4b000 	C:\WINDOWS\SYSTEM32\VERSION.dll
0x00007fffd9cb0000 - 0x00007fffd9cc4000 	C:\WINDOWS\SYSTEM32\UMPDC.dll
0x00007fffd8c30000 - 0x00007fffd8c4b000 	C:\WINDOWS\SYSTEM32\kernel.appcore.dll
0x00007fffcdc10000 - 0x00007fffcdc1a000 	C:\Users\ADMIN\.jdks\ms-21.0.8\bin\jimage.dll
0x00007fffd74c0000 - 0x00007fffd7702000 	C:\WINDOWS\SYSTEM32\DBGHELP.DLL
0x00007fffdc2e0000 - 0x00007fffdc66b000 	C:\WINDOWS\System32\combase.dll
0x00007fffdbd00000 - 0x00007fffdbdd7000 	C:\WINDOWS\System32\OLEAUT32.dll
0x00007fffbf7d0000 - 0x00007fffbf80c000 	C:\WINDOWS\SYSTEM32\dbgcore.DLL
0x00007fffd9fa0000 - 0x00007fffda045000 	C:\WINDOWS\System32\bcryptPrimitives.dll
0x00007fffd4e80000 - 0x00007fffd4e90000 	C:\Users\ADMIN\.jdks\ms-21.0.8\bin\instrument.dll
0x00007fffcdbe0000 - 0x00007fffcdc01000 	C:\Users\ADMIN\.jdks\ms-21.0.8\bin\java.dll
0x00007fffdb550000 - 0x00007fffdbc9f000 	C:\WINDOWS\System32\SHELL32.dll
0x00007fffda7d0000 - 0x00007fffda93b000 	C:\WINDOWS\System32\wintypes.dll
0x00007fffd7a70000 - 0x00007fffd82cd000 	C:\WINDOWS\SYSTEM32\windows.storage.dll
0x00007fffdb100000 - 0x00007fffdb1f2000 	C:\WINDOWS\System32\SHCORE.dll
0x00007fffdb010000 - 0x00007fffdb077000 	C:\WINDOWS\System32\shlwapi.dll
0x00007fffd9d90000 - 0x00007fffd9db9000 	C:\WINDOWS\SYSTEM32\profapi.dll
0x00007fff618a0000 - 0x00007fff61976000 	C:\Users\ADMIN\.jdks\ms-21.0.8\bin\jsvml.dll
0x00007fffc4980000 - 0x00007fffc4998000 	C:\Users\ADMIN\.jdks\ms-21.0.8\bin\zip.dll
0x00007fffcdbc0000 - 0x00007fffcdbd1000 	C:\Users\ADMIN\.jdks\ms-21.0.8\bin\net.dll
0x00007fffd3af0000 - 0x00007fffd3c18000 	C:\WINDOWS\SYSTEM32\WINHTTP.dll
0x00007fffd91a0000 - 0x00007fffd920b000 	C:\WINDOWS\system32\mswsock.dll
0x00007fffc6cf0000 - 0x00007fffc6d06000 	C:\Users\ADMIN\.jdks\ms-21.0.8\bin\nio.dll
0x00007fffd3470000 - 0x00007fffd348a000 	D:\Download\IntelliJ IDEA Community Edition 2024.2.1\bin\breakgen64.dll
0x00007fffccce0000 - 0x00007fffccce9000 	C:\Users\ADMIN\.jdks\ms-21.0.8\bin\extnet.dll
0x00007fffd86d0000 - 0x00007fffd8704000 	C:\WINDOWS\SYSTEM32\IPHLPAPI.DLL
0x00007fffdc900000 - 0x00007fffdc90a000 	C:\WINDOWS\System32\NSI.dll
0x00007fffd8710000 - 0x00007fffd883c000 	C:\WINDOWS\SYSTEM32\DNSAPI.dll
0x00007fffd23a0000 - 0x00007fffd23ab000 	C:\Windows\System32\rasadhlp.dll
0x00007fffd4030000 - 0x00007fffd40b6000 	C:\WINDOWS\System32\fwpuclnt.dll
0x00007fffd9460000 - 0x00007fffd947b000 	C:\WINDOWS\SYSTEM32\CRYPTSP.dll
0x00007fffd8b90000 - 0x00007fffd8bca000 	C:\WINDOWS\system32\rsaenh.dll
0x00007fffd9250000 - 0x00007fffd927b000 	C:\WINDOWS\SYSTEM32\USERENV.dll
0x00007fffd9d60000 - 0x00007fffd9d8a000 	C:\WINDOWS\SYSTEM32\bcrypt.dll
0x00007fffd9480000 - 0x00007fffd948c000 	C:\WINDOWS\SYSTEM32\CRYPTBASE.dll
0x00007fffc7660000 - 0x00007fffc7670000 	C:\Users\ADMIN\.jdks\ms-21.0.8\bin\verify.dll
0x00007fffc7250000 - 0x00007fffc725e000 	C:\Users\ADMIN\.jdks\ms-21.0.8\bin\sunmscapi.dll
0x00007fffda940000 - 0x00007fffdaab7000 	C:\WINDOWS\System32\CRYPT32.dll
0x00007fffd9680000 - 0x00007fffd96b0000 	C:\WINDOWS\SYSTEM32\ncrypt.dll
0x00007fffd9630000 - 0x00007fffd966f000 	C:\WINDOWS\SYSTEM32\NTASN1.dll
0x00007fffaede0000 - 0x00007fffaede8000 	C:\WINDOWS\system32\wshunix.dll
0x00007fffd4870000 - 0x00007fffd487a000 	C:\Users\ADMIN\.jdks\ms-21.0.8\bin\management.dll
0x00007fffd4860000 - 0x00007fffd486c000 	C:\Users\ADMIN\.jdks\ms-21.0.8\bin\management_ext.dll
0x00007fffdb540000 - 0x00007fffdb548000 	C:\WINDOWS\System32\PSAPI.DLL
0x00007fffb5e30000 - 0x00007fffb5e48000 	C:\WINDOWS\system32\napinsp.dll
0x00007fffb5e80000 - 0x00007fffb5e92000 	C:\WINDOWS\System32\winrnr.dll
0x00007fffb5e50000 - 0x00007fffb5e72000 	C:\WINDOWS\system32\nlansp_c.dll
0x00007fffb5e10000 - 0x00007fffb5e26000 	C:\WINDOWS\system32\wshbth.dll
0x00007fffd3ef0000 - 0x00007fffd3f0e000 	C:\WINDOWS\SYSTEM32\dhcpcsvc6.DLL
0x00007fffd3de0000 - 0x00007fffd3e03000 	C:\WINDOWS\SYSTEM32\dhcpcsvc.DLL

JVMTI agents:
D:\Download\IntelliJ IDEA Community Edition 2024.2.1\lib\idea_rt.jar path:C:\Users\ADMIN\.jdks\ms-21.0.8\bin\instrument.dll, loaded, initialized, instrumentlib options:60683:D:\Download\IntelliJ IDEA Community Edition 2024.2.1\bin

dbghelp: loaded successfully - version: 4.0.5 - missing functions: none
symbol engine: initialized successfully - sym options: 0x614 - pdb path: .;C:\Users\ADMIN\.jdks\ms-21.0.8\bin;C:\WINDOWS\SYSTEM32;C:\WINDOWS\WinSxS\amd64_microsoft.windows.common-controls_6595b64144ccf1df_6.0.26100.7019_none_3e06ffa0e335b8a8;C:\Users\ADMIN\.jdks\ms-21.0.8\bin\server;D:\Download\IntelliJ IDEA Community Edition 2024.2.1\bin

VM Arguments:
jvm_args: -javaagent:D:\Download\IntelliJ IDEA Community Edition 2024.2.1\lib\idea_rt.jar=60683:D:\Download\IntelliJ IDEA Community Edition 2024.2.1\bin -Dfile.encoding=UTF-8 -Dsun.stdout.encoding=UTF-8 -Dsun.stderr.encoding=UTF-8 
java_command: com.example.gateway_service.GatewayServiceApplication
java_class_path (initial): D:\microservice-project\gateway-service\gateway-service\target\classes;C:\Users\ADMIN\.m2\repository\org\springframework\cloud\spring-cloud-starter-gateway\4.1.5\spring-cloud-starter-gateway-4.1.5.jar;C:\Users\ADMIN\.m2\repository\org\springframework\cloud\spring-cloud-starter\4.1.4\spring-cloud-starter-4.1.4.jar;C:\Users\ADMIN\.m2\repository\org\springframework\cloud\spring-cloud-context\4.1.4\spring-cloud-context-4.1.4.jar;C:\Users\ADMIN\.m2\repository\org\springframework\cloud\spring-cloud-commons\4.1.4\spring-cloud-commons-4.1.4.jar;C:\Users\ADMIN\.m2\repository\org\springframework\security\spring-security-rsa\1.1.3\spring-security-rsa-1.1.3.jar;C:\Users\ADMIN\.m2\repository\org\bouncycastle\bcprov-jdk18on\1.78\bcprov-jdk18on-1.78.jar;C:\Users\ADMIN\.m2\repository\org\springframework\cloud\spring-cloud-gateway-server\4.1.5\spring-cloud-gateway-server-4.1.5.jar;C:\Users\ADMIN\.m2\repository\org\springframework\boot\spring-boot-starter-validation\3.2.5\spring-boot-starter-validation-3.2.5.jar;C:\Users\ADMIN\.m2\repository\org\apache\tomcat\embed\tomcat-embed-el\10.1.20\tomcat-embed-el-10.1.20.jar;C:\Users\ADMIN\.m2\repository\org\hibernate\validator\hibernate-validator\8.0.1.Final\hibernate-validator-8.0.1.Final.jar;C:\Users\ADMIN\.m2\repository\jakarta\validation\jakarta.validation-api\3.0.2\jakarta.validation-api-3.0.2.jar;C:\Users\ADMIN\.m2\repository\org\jboss\logging\jboss-logging\3.5.3.Final\jboss-logging-3.5.3.Final.jar;C:\Users\ADMIN\.m2\repository\com\fasterxml\classmate\1.6.0\classmate-1.6.0.jar;C:\Users\ADMIN\.m2\repository\io\projectreactor\addons\reactor-extra\3.5.1\reactor-extra-3.5.1.jar;C:\Users\ADMIN\.m2\repository\io\projectreactor\reactor-core\3.6.5\reactor-core-3.6.5.jar;C:\Users\ADMIN\.m2\repository\org\reactivestreams\reactive-streams\1.0.4\reactive-streams-1.0.4.jar;C:\Users\ADMIN\.m2\repository\org\springframework\boot\spring-boot-starter-webflux\3.2.5\spring-boot-starter-webflux-3.2.5.jar;C:\Users\ADMIN\.m2\repository\org\springframework\boot\spring-boot-starter-json\3.2.5\spring-boot-starter-json-3.2.5.jar;C:\Users\ADMIN\.m2\repository\com\fasterxml\jackson\datatype\jackson-datatype-jdk8\2.15.4\jackson-datatype-jdk8-2.15.4.jar;C:\Users\ADMIN\.m2\repository\com\fasterxml\jackson\datatype\jackson-datatype-jsr310\2.15.4\jackson-datatype-jsr310-2.15.4.jar;C:\Users\ADMIN\.m2\repository\com\fasterxml\jackson\module\jackson-module-parameter-names\2.15.4\jackson-module-parameter-names-2.15.4.jar;C:\Users\ADMIN\.m2\repository\org\springframework\boot\spring-boot-starter-reactor-netty\3.2.5\spring-boot-starter-reactor-netty-3.2.5.jar;C:\Users\ADMIN\.m2\repository\io\projectreactor\netty\reactor-netty-http\1.1.18\reactor-netty-http-1.1.18.jar;C:\Users\ADMIN\.m2\repository\io\netty\netty-codec-http\4.1.109.Final\netty-codec-http-4.1.109.Final.jar;C:\Users\ADMIN\.m2\repository\io\netty\netty-common\4.1.109.Final\netty-common-4.1.109.Final.jar;C:\Users\ADMIN\.m2\repository\io\netty\netty-buffer\4.1.109.Final\netty-buffer-4.1.109.Final.jar;C:\Users\ADMIN\.m2\repository\io\netty\netty-transport\4.1.109.Final\netty-transport-4.1.109.Final.jar;C:\Users\ADMIN\.m2\repository\io\netty\netty-codec\4.1.109.Final\netty-codec-4.1.109.Final.jar;C:\Users\ADMIN\.m2\repository\io\netty\netty-handler\4.1.109.Final\netty-handler-4.1.109.Final.jar;C:\Users\ADMIN\.m2\repository\io\netty\netty-codec-http2\4.1.109.Final\netty-codec-http2-4.1.109.Final.jar;C:\Users\ADMIN\.m2\repository\io\netty\netty-resolver-dns\4.1.109.Final\netty-resolver-dns-4.1.109.Final.jar;C:\Users\ADMIN\.m2\repository\io\netty\netty-resolver\4.1.109.Final\netty-resolver-4.1.109.Final.jar;C:\Users\ADMIN\.m2\repository\io\netty\netty-codec-dns\4.1.109.Final\netty-codec-dns-4.1.109.Final.jar;C:\Users\ADMIN\.m2\repository\io\netty\netty-resolver-dns-native-macos\4.1.109.Final\netty-resolver-dns-native-macos-4.1.109.Final-osx-x86_64.jar;C:\Users\ADMIN\.m2\repository\io\netty\netty-resolver-dns-classes-macos\4.1.109.Final\netty-resolver-dns-classes-macos-4.1.109.Final.jar;C:\Users\ADMIN\.m2\repository\io\netty\netty-transport-native-epoll\4.1.109.Final\netty-transport-native-epoll-4.1.109.Final-linux-x86_64.jar;C:\Users\ADMIN\.m2\repository\io\netty\netty-transport-native-unix-common\4.1.109.Final\netty-transport-native-unix-common-4.1.109.Final.jar;C:\Users\ADMIN\.m2\repository\io\netty\netty-transport-classes-epoll\4.1.109.Final\netty-transport-classes-epoll-4.1.109.Final.jar;C:\Users\ADMIN\.m2\repository\io\projectreactor\netty\reactor-netty-core\1.1.18\reactor-netty-core-1.1.18.jar;C:\Users\ADMIN\.m2\repository\io\netty\netty-handler-proxy\4.1.109.Final\netty-handler-proxy-4.1.109.Final.jar;C:\Users\ADMIN\.m2\repository\io\netty\netty-codec-socks\4.1.109.Final\netty-codec-socks-4.1.109.Final.jar;C:\Users\ADMIN\.m2\repository\org\springframework\spring-web\6.1.6\spring-web-6.1.6.jar;C:\Users\ADMIN\.m2\repository\org\springframework\spring-webflux\6.1.6\spring-webflux-6.1.6.jar;C:\Users\ADMIN\.m2\repository\org\springframework\cloud\spring-cloud-starter-netflix-eureka-client\4.1.3\spring-cloud-starter-netflix-eureka-client-4.1.3.jar;C:\Users\ADMIN\.m2\repository\org\springframework\cloud\spring-cloud-netflix-eureka-client\4.1.3\spring-cloud-netflix-eureka-client-4.1.3.jar;C:\Users\ADMIN\.m2\repository\org\apache\httpcomponents\client5\httpclient5\5.2.3\httpclient5-5.2.3.jar;C:\Users\ADMIN\.m2\repository\org\apache\httpcomponents\core5\httpcore5\5.2.4\httpcore5-5.2.4.jar;C:\Users\ADMIN\.m2\repository\org\apache\httpcomponents\core5\httpcore5-h2\5.2.4\httpcore5-h2-5.2.4.jar;C:\Users\ADMIN\.m2\repository\com\netflix\eureka\eureka-client\2.0.3\eureka-client-2.0.3.jar;C:\Users\ADMIN\.m2\repository\com\thoughtworks\xstream\xstream\1.4.20\xstream-1.4.20.jar;C:\Users\ADMIN\.m2\repository\io\github\x-stream\mxparser\1.2.2\mxparser-1.2.2.jar;C:\Users\ADMIN\.m2\repository\xmlpull\xmlpull\1.1.3.1\xmlpull-1.1.3.1.jar;C:\Users\ADMIN\.m2\repository\jakarta\ws\rs\jakarta.ws.rs-api\3.1.0\jakarta.ws.rs-api-3.1.0.jar;C:\Users\ADMIN\.m2\repository\jakarta\inject\jakarta.inject-api\2.0.1\jakarta.inject-api-2.0.1.jar;C:\Users\ADMIN\.m2\repository\jakarta\annotation\jakarta.annotation-api\2.1.1\jakarta.annotation-api-2.1.1.jar;C:\Users\ADMIN\.m2\repository\com\netflix\spectator\spectator-api\1.7.3\spectator-api-1.7.3.jar;C:\Users\ADMIN\.m2\repository\org\slf4j\slf4j-api\2.0.13\slf4j-api-2.0.13.jar;C:\Users\ADMIN\.m2\repository\org\apache\httpcomponents\httpclient\4.5.3\httpclient-4.5.3.jar;C:\Users\ADMIN\.m2\repository\org\apache\httpcomponents\httpcore\4.4.16\httpcore-4.4.16.jar;C:\Users\ADMIN\.m2\repository\commons-codec\commons-codec\1.16.1\commons-codec-1.16.1.jar;C:\Users\ADMIN\.m2\repository\commons-configuration\commons-configuration\1.10\commons-configuration-1.10.jar;C:\Users\ADMIN\.m2\repository\commons-lang\commons-lang\2.6\commons-lang-2.6.jar;C:\Users\ADMIN\.m2\repository\com\fasterxml\jackson\core\jackson-annotations\2.15.4\jackson-annotations-2.15.4.jar;C:\Users\ADMIN\.m2\repository\com\fasterxml\jackson\core\jackson-core\2.15.4\jackson-core-2.15.4.jar;C:\Users\ADMIN\.m2\repository\com\fasterxml\jackson\core\jackson-databind\2.15.4\jackson-databind-2.15.4.jar;C:\Users\ADMIN\.m2\repository\com\netflix\netflix-commons\netflix-eventbus\0.3.0\netflix-eventbus-0.3.0.jar;C:\Users\ADMIN\.m2\repository\com\netflix\netflix-commons\netflix-infix\0.3.0\netflix-infix-0.3.0.jar;C:\Users\ADMIN\.m2\repository\commons-jxpath\commons-jxpath\1.3\commons-jxpath-1.3.jar;C:\Users\ADMIN\.m2\repository\joda-time\joda-time\2.3\joda-time-2.3.jar;C:\Users\ADMIN\.m2\repository\org\antlr\antlr-runtime\3.4\antlr-runtime-3.4.jar;C:\Users\ADMIN\.m2\repository\org\antlr\stringtemplate\3.2.1\stringtemplate-3.2.1.jar;C:\Users\ADMIN\.m2\repository\antlr\antlr\2.7.7\antlr-2.7.7.jar;C:\Users\ADMIN\.m2\repository\com\google\code\gson\gson\2.10.1\gson-2.10.1.jar;C:\Users\ADMIN\.m2\repository\com\netflix\servo\servo-core\0.5.3\servo-core-0.5.3.jar;C:\Users\ADMIN\.m2\repository\org\apache\commons\commons-math\2.2\commons-math-2.2.jar;C:\Users\ADMIN\.m2\repository\javax\annotation\javax.annotation-api\1.2\javax.annotation-api-1.2.jar;C:\Users\ADMIN\.m2\repository\org\codehaus\jettison\jettison\1.5.4\jettison-1.5.4.jar;C:\Users\ADMIN\.m2\repository\com\netflix\eureka\eureka-core\2.0.3\eureka-core-2.0.3.jar;C:\Users\ADMIN\.m2\repository\com\fasterxml\woodstox\woodstox-core\6.2.1\woodstox-core-6.2.1.jar;C:\Users\ADMIN\.m2\repository\org\codehaus\woodstox\stax2-api\4.2.1\stax2-api-4.2.1.jar;C:\Users\ADMIN\.m2\repository\com\google\guava\guava\33.0.0-jre\guava-33.0.0-jre.jar;C:\Users\ADMIN\.m2\repository\com\google\guava\failureaccess\1.0.2\failureaccess-1.0.2.jar;C:\Users\ADMIN\.m2\repository\com\google\guava\listenablefuture\9999.0-empty-to-avoid-conflict-with-guava\listenablefuture-9999.0-empty-to-avoid-conflict-with-guava.jar;C:\Users\ADMIN\.m2\repository\org\checkerframework\checker-qual\3.41.0\checker-qual-3.41.0.jar;C:\Users\ADMIN\.m2\repository\com\google\errorprone\error_prone_annotations\2.23.0\error_prone_annotations-2.23.0.jar;C:\Users\ADMIN\.m2\repository\com\google\j2objc\j2objc-annotations\2.8\j2objc-annotations-2.8.jar;C:\Users\ADMIN\.m2\repository\org\springframework\cloud\spring-cloud-starter-loadbalancer\4.1.4\spring-cloud-starter-loadbalancer-4.1.4.jar;C:\Users\ADMIN\.m2\repository\org\springframework\cloud\spring-cloud-loadbalancer\4.1.4\spring-cloud-loadbalancer-4.1.4.jar;C:\Users\ADMIN\.m2\repository\org\springframework\boot\spring-boot-starter-cache\3.2.5\spring-boot-starter-cache-3.2.5.jar;C:\Users\ADMIN\.m2\repository\org\springframework\spring-context-support\6.1.6\spring-context-support-6.1.6.jar;C:\Users\ADMIN\.m2\repository\com\stoyanr\evictor\1.0.0\evictor-1.0.0.jar;C:\Users\ADMIN\.m2\repository\org\springframework\boot\spring-boot-starter-security\3.2.5\spring-boot-starter-security-3.2.5.jar;C:\Users\ADMIN\.m2\repository\org\springframework\boot\spring-boot-starter\3.2.5\spring-boot-starter-3.2.5.jar;C:\Users\ADMIN\.m2\repository\org\springframework\boot\spring-boot\3.2.5\spring-boot-3.2.5.jar;C:\Users\ADMIN\.m2\repository\org\springframework\boot\spring-boot-autoconfigure\3.2.5\spring-boot-autoconfigure-3.2.5.jar;C:\Users\ADMIN\.m2\repository\org\springframework\boot\spring-boot-starter-logging\3.2.5\spring-boot-starter-logging-3.2.5.jar;C:\Users\ADMIN\.m2\repository\ch\qos\logback\logback-classic\1.4.14\logback-classic-1.4.14.jar;C:\Users\ADMIN\.m2\repository\ch\qos\logback\logback-core\1.4.14\logback-core-1.4.14.jar;C:\Users\ADMIN\.m2\repository\org\apache\logging\log4j\log4j-to-slf4j\2.21.1\log4j-to-slf4j-2.21.1.jar;C:\Users\ADMIN\.m2\repository\org\apache\logging\log4j\log4j-api\2.21.1\log4j-api-2.21.1.jar;C:\Users\ADMIN\.m2\repository\org\slf4j\jul-to-slf4j\2.0.13\jul-to-slf4j-2.0.13.jar;C:\Users\ADMIN\.m2\repository\org\yaml\snakeyaml\2.2\snakeyaml-2.2.jar;C:\Users\ADMIN\.m2\repository\org\springframework\spring-aop\6.1.6\spring-aop-6.1.6.jar;C:\Users\ADMIN\.m2\repository\org\springframework\spring-beans\6.1.6\spring-beans-6.1.6.jar;C:\Users\ADMIN\.m2\repository\org\springframework\security\spring-security-config\6.2.4\spring-security-config-6.2.4.jar;C:\Users\ADMIN\.m2\repository\org\springframework\spring-context\6.1.6\spring-context-6.1.6.jar;C:\Users\ADMIN\.m2\repository\org\springframework\security\spring-security-web\6.2.4\spring-security-web-6.2.4.jar;C:\Users\ADMIN\.m2\repository\org\springframework\spring-expression\6.1.6\spring-expression-6.1.6.jar;C:\Users\ADMIN\.m2\repository\org\springframework\boot\spring-boot-starter-oauth2-resource-server\3.2.5\spring-boot-starter-oauth2-resource-server-3.2.5.jar;C:\Users\ADMIN\.m2\repository\org\springframework\security\spring-security-core\6.2.4\spring-security-core-6.2.4.jar;C:\Users\ADMIN\.m2\repository\org\springframework\security\spring-security-crypto\6.2.4\spring-security-crypto-6.2.4.jar;C:\Users\ADMIN\.m2\repository\io\micrometer\micrometer-observation\1.12.5\micrometer-observation-1.12.5.jar;C:\Users\ADMIN\.m2\repository\io\micrometer\micrometer-commons\1.12.5\micrometer-commons-1.12.5.jar;C:\Users\ADMIN\.m2\repository\org\springframework\security\spring-security-oauth2-resource-server\6.2.4\spring-security-oauth2-resource-server-6.2.4.jar;C:\Users\ADMIN\.m2\repository\org\springframework\security\spring-security-oauth2-jose\6.2.4\spring-security-oauth2-jose-6.2.4.jar;C:\Users\ADMIN\.m2\repository\org\springframework\security\spring-security-oauth2-core\6.2.4\spring-security-oauth2-core-6.2.4.jar;C:\Users\ADMIN\.m2\repository\org\springframework\spring-core\6.1.6\spring-core-6.1.6.jar;C:\Users\ADMIN\.m2\repository\org\springframework\spring-jcl\6.1.6\spring-jcl-6.1.6.jar;C:\Users\ADMIN\.m2\repository\com\nimbusds\nimbus-jose-jwt\9.24.4\nimbus-jose-jwt-9.24.4.jar;C:\Users\ADMIN\.m2\repository\com\github\stephenc\jcip\jcip-annotations\1.0-1\jcip-annotations-1.0-1.jar;C:\Users\ADMIN\.m2\repository\org\springdoc\springdoc-openapi-starter-webflux-ui\2.3.0\springdoc-openapi-starter-webflux-ui-2.3.0.jar;C:\Users\ADMIN\.m2\repository\org\springdoc\springdoc-openapi-starter-webflux-api\2.3.0\springdoc-openapi-starter-webflux-api-2.3.0.jar;C:\Users\ADMIN\.m2\repository\org\springdoc\springdoc-openapi-starter-common\2.3.0\springdoc-openapi-starter-common-2.3.0.jar;C:\Users\ADMIN\.m2\repository\io\swagger\core\v3\swagger-core-jakarta\2.2.19\swagger-core-jakarta-2.2.19.jar;C:\Users\ADMIN\.m2\repository\org\apache\commons\commons-lang3\3.13.0\commons-lang3-3.13.0.jar;C:\Users\ADMIN\.m2\repository\io\swagger\core\v3\swagger-annotations-jakarta\2.2.19\swagger-annotations-jakarta-2.2.19.jar;C:\Users\ADMIN\.m2\repository\io\swagger\core\v3\swagger-models-jakarta\2.2.19\swagger-models-jakarta-2.2.19.jar;C:\Users\ADMIN\.m2\repository\com\fasterxml\jackson\dataformat\jackson-dataformat-yaml\2.15.4\jackson-dataformat-yaml-2.15.4.jar;C:\Users\ADMIN\.m2\repository\org\webjars\swagger-ui\5.10.3\swagger-ui-5.10.3.jar;C:\Users\ADMIN\.m2\repository\org\projectlombok\lombok\1.18.32\lombok-1.18.32.jar;C:\Users\ADMIN\.m2\repository\jakarta\xml\bind\jakarta.xml.bind-api\4.0.2\jakarta.xml.bind-api-4.0.2.jar;C:\Users\ADMIN\.m2\repository\jakarta\activation\jakarta.activation-api\2.1.3\jakarta.activation-api-2.1.3.jar
Launcher Type: SUN_STANDARD

[Global flags]
     intx CICompilerCount                          = 4                                         {product} {ergonomic}
     uint ConcGCThreads                            = 2                                         {product} {ergonomic}
     uint G1ConcRefinementThreads                  = 8                                         {product} {ergonomic}
   size_t G1HeapRegionSize                         = 4194304                                   {product} {ergonomic}
    uintx GCDrainStackTargetSize                   = 64                                        {product} {ergonomic}
   size_t InitialHeapSize                          = 398458880                                 {product} {ergonomic}
   size_t MarkStackSize                            = 4194304                                   {product} {ergonomic}
   size_t MaxHeapSize                              = 6375342080                                {product} {ergonomic}
   size_t MaxNewSize                               = 3825205248                                {product} {ergonomic}
   size_t MinHeapDeltaBytes                        = 4194304                                   {product} {ergonomic}
   size_t MinHeapSize                              = 8388608                                   {product} {ergonomic}
    uintx NonNMethodCodeHeapSize                   = 5839372                                {pd product} {ergonomic}
    uintx NonProfiledCodeHeapSize                  = 122909434                              {pd product} {ergonomic}
    uintx ProfiledCodeHeapSize                     = 122909434                              {pd product} {ergonomic}
    uintx ReservedCodeCacheSize                    = 251658240                              {pd product} {ergonomic}
     bool SegmentedCodeCache                       = true                                      {product} {ergonomic}
   size_t SoftMaxHeapSize                          = 6375342080                             {manageable} {ergonomic}
     bool UseCompressedOops                        = true                           {product lp64_product} {ergonomic}
     bool UseG1GC                                  = true                                      {product} {ergonomic}
     bool UseLargePagesIndividualAllocation        = false                                  {pd product} {ergonomic}

Logging:
Log output configuration:
 #0: stdout all=warning uptime,level,tags foldmultilines=false
 #1: stderr all=off uptime,level,tags foldmultilines=false

Environment Variables:
JAVA_HOME=C:\Program Files\Java\jdk-17
PATH=C:\Program Files (x86)\Microsoft SDKs\Azure\CLI2\wbin;C:\Program Files\Common Files\Oracle\Java\javapath;C:\Program Files (x86)\Common Files\Oracle\Java\javapath;C:\WINDOWS\system32;C:\WINDOWS;C:\WINDOWS\System32\Wbem;C:\WINDOWS\System32\WindowsPowerShell\v1.0\;C:\WINDOWS\System32\OpenSSH\;C:\Program Files\Azure Data Studio\bin;C:\Program Files\dotnet\;C:\Program Files\Java\jdk1.8.0_321\bin;C:\Program Files\Git\cmd;C:\Program Files\Microsoft SQL Server\Client SDK\ODBC\170\Tools\Binn\;C:\Program Files (x86)\Microsoft SQL Server\150\Tools\Binn\;C:\Program Files\Microsoft SQL Server\150\Tools\Binn\;C:\Program Files\Microsoft SQL Server\150\DTS\Binn\;D:\Download\Redis-x64-3.0.504;C:\Program Files\nodejs\;C:\Program Files\Docker\Docker\resources\bin;C:\Users\ADMIN\AppData\Local\Microsoft\WindowsApps;C:\Program Files\Azure Data Studio\bin;C:\Users\ADMIN\AppData\Local\Programs\Microsoft VS Code\bin;C:\Users\ADMIN\AppData\Local\GitHubDesktop\bin;D:\Download\IntelliJ IDEA Community Edition 2024.2.1\bin;;C:\Program Files\MongoDB\Server\8.0\bin;C:\Users\ADMIN\AppData\Local\Android\Sdk;D:\Download\apache-maven-3.9.9-bin\apache-maven-3.9.9\bin;D:\heroku\bin;C:\Users\ADMIN\AppData\Local\flutter\flutter_windows_3.32.5-stable\flutter\bin;C:\Users\ADMIN\AppData\Roaming\npm
USERNAME=ADMIN
OS=Windows_NT
PROCESSOR_IDENTIFIER=Intel64 Family 6 Model 140 Stepping 1, GenuineIntel
TMP=C:\Users\ADMIN\AppData\Local\Temp
TEMP=C:\Users\ADMIN\AppData\Local\Temp




Periodic native trim disabled

---------------  S Y S T E M  ---------------

OS:
 Windows 11 , 64 bit Build 26100 (10.0.26100.7019)
OS uptime: 15 days 1:15 hours
Hyper-V role detected

CPU: total 8 (initial active 8) (4 cores per cpu, 2 threads per core) family 6 model 140 stepping 1 microcode 0xbc, cx8, cmov, fxsr, ht, mmx, 3dnowpref, sse, sse2, sse3, ssse3, sse4.1, sse4.2, popcnt, lzcnt, tsc, tscinvbit, avx, avx2, aes, erms, clmul, bmi1, bmi2, adx, avx512f, avx512dq, avx512cd, avx512bw, avx512vl, sha, fma, vzeroupper, avx512_vpopcntdq, avx512_vpclmulqdq, avx512_vaes, avx512_vnni, clflush, clflushopt, clwb, avx512_vbmi2, avx512_vbmi, hv, rdtscp, rdpid, fsrm, gfni, avx512_bitalg, f16c, cet_ibt, cet_ss, avx512_ifma
Processor Information for the first 8 processors :
  Max Mhz: 2419, Current Mhz: 2419, Mhz Limit: 2419

Memory: 4k page, system-wide physical 24310M (2882M free)
TotalPageFile size 38965M (AvailPageFile size 12M)
current process WorkingSet (physical memory assigned to process): 284M, peak: 294M
current process commit charge ("private bytes"): 322M, peak: 544M

vm_info: OpenJDK 64-Bit Server VM (21.0.8+9-LTS) for windows-amd64 JRE (21.0.8+9-LTS), built on 2025-07-10T20:22:44Z by "MicrosoftCorporation" with unknown MS VC++:1944

END.
