#
# There is insufficient memory for the Java Runtime Environment to continue.
# Native memory allocation (malloc) failed to allocate 32744 bytes. Error detail: Chunk::new
# Possible reasons:
#   The system is out of physical RAM or swap space
#   This process is running with CompressedOops enabled, and the Java Heap may be blocking the growth of the native heap
# Possible solutions:
#   Reduce memory load on the system
#   Increase physical memory or swap space
#   Check if swap backing store is full
#   Decrease Java heap size (-Xmx/-Xms)
#   Decrease number of Java threads
#   Decrease Java thread stack sizes (-Xss)
#   Set larger code cache with -XX:ReservedCodeCacheSize=
#   JVM is running with Zero Based Compressed Oops mode in which the Java heap is
#     placed in the first 32GB address space. The Java Heap base address is the
#     maximum limit for the native heap growth. Please use -XX:HeapBaseMinAddress
#     to set the Java Heap base and to place the Java Heap above 32GB virtual address.
# This output file may be truncated or incomplete.
#
#  Out of Memory Error (arena.cpp:168), pid=22268, tid=21264
#
# JRE version: OpenJDK Runtime Environment Microsoft-11933218 (21.0.8+9) (build 21.0.8+9-LTS)
# Java VM: OpenJDK 64-Bit Server VM Microsoft-11933218 (21.0.8+9-LTS, mixed mode, sharing, tiered, compressed oops, compressed class ptrs, g1 gc, windows-amd64)
# No core dump will be written. Minidumps are not enabled by default on client versions of Windows
#

---------------  S U M M A R Y ------------

Command Line: -javaagent:D:\Download\IntelliJ IDEA Community Edition 2024.2.1\lib\idea_rt.jar=52681:D:\Download\IntelliJ IDEA Community Edition 2024.2.1\bin -Dfile.encoding=UTF-8 -Dsun.stdout.encoding=UTF-8 -Dsun.stderr.encoding=UTF-8 com.example.gateway_service.GatewayServiceApplication

Host: 11th Gen Intel(R) Core(TM) i5-1135G7 @ 2.40GHz, 8 cores, 23G,  Windows 11 , 64 bit Build 26100 (10.0.26100.7019)
Time: Fri Nov 28 13:40:27 2025 SE Asia Standard Time elapsed time: 127.066652 seconds (0d 0h 2m 7s)

---------------  T H R E A D  ---------------

Current thread (0x000001c7aea33890):  JavaThread "C2 CompilerThread0" daemon [_thread_in_native, id=21264, stack(0x00000053d9d00000,0x00000053d9e00000) (1024K)]


Current CompileTask:
C2:127066 6658   !   4       org.springframework.beans.factory.support.DefaultListableBeanFactory::doGetBeanNamesForType (505 bytes)

Stack: [0x00000053d9d00000,0x00000053d9e00000]
Native frames: (J=compiled Java code, j=interpreted, Vv=VM code, C=native code)
V  [jvm.dll+0x6e1729]
V  [jvm.dll+0x8bf47b]
V  [jvm.dll+0x8c19aa]
V  [jvm.dll+0x8c2083]
V  [jvm.dll+0x289fd6]
V  [jvm.dll+0xc903d]
V  [jvm.dll+0xc958c]
V  [jvm.dll+0x66f5d3]
V  [jvm.dll+0x670617]
V  [jvm.dll+0x66e968]
V  [jvm.dll+0x251adb]
V  [jvm.dll+0x251283]
V  [jvm.dll+0x1d18bf]
V  [jvm.dll+0x260f4a]
V  [jvm.dll+0x25f2b5]
V  [jvm.dll+0x40151d]
V  [jvm.dll+0x86975d]
V  [jvm.dll+0x6dff2d]
C  [ucrtbase.dll+0x37b0]
C  [KERNEL32.DLL+0x2e8d7]
C  [ntdll.dll+0x8c53c]


---------------  P R O C E S S  ---------------

Threads class SMR info:
_java_thread_list=0x000001c7aeb087f0, length=39, elements={
0x000001c7ae3bd710, 0x000001c7ae3be350, 0x000001c7aea26cd0, 0x000001c7aea2a0b0,
0x000001c7aea2c820, 0x000001c7aea2f380, 0x000001c7aea33890, 0x000001c7aea38250,
0x000001c7aeb33100, 0x000001c7f447c710, 0x000001c7f44210c0, 0x000001c7f89d30e0,
0x000001c7f4c605f0, 0x000001c7f72aeb40, 0x000001c7f562d4a0, 0x000001c7f7215a50,
0x000001c7f7209b70, 0x000001c7f7290da0, 0x000001c7f728f360, 0x000001c7f7291430,
0x000001c7f728e640, 0x000001c7f7291ac0, 0x000001c7f71da000, 0x000001c7f71d8c50,
0x000001c7f71d85c0, 0x000001c7f71da690, 0x000001c7f71d78a0, 0x000001c7f71d7f30,
0x000001c7f71d7210, 0x000001c7f71d9970, 0x000001c7f71dad20, 0x000001c7f71dc0d0,
0x000001c7f71dba40, 0x000001c7f71dc760, 0x000001c7f71db3b0, 0x000001c7f71d92e0,
0x000001c7f71dcdf0, 0x000001c7f71dd480, 0x000001c7f71ddb10
}

Java Threads: ( => current thread )
  0x000001c7ae3bd710 JavaThread "Reference Handler"          daemon [_thread_blocked, id=16496, stack(0x00000053d9700000,0x00000053d9800000) (1024K)]
  0x000001c7ae3be350 JavaThread "Finalizer"                  daemon [_thread_blocked, id=1648, stack(0x00000053d9800000,0x00000053d9900000) (1024K)]
  0x000001c7aea26cd0 JavaThread "Signal Dispatcher"          daemon [_thread_blocked, id=26360, stack(0x00000053d9900000,0x00000053d9a00000) (1024K)]
  0x000001c7aea2a0b0 JavaThread "Attach Listener"            daemon [_thread_blocked, id=27508, stack(0x00000053d9a00000,0x00000053d9b00000) (1024K)]
  0x000001c7aea2c820 JavaThread "Service Thread"             daemon [_thread_blocked, id=15356, stack(0x00000053d9b00000,0x00000053d9c00000) (1024K)]
  0x000001c7aea2f380 JavaThread "Monitor Deflation Thread"   daemon [_thread_blocked, id=26496, stack(0x00000053d9c00000,0x00000053d9d00000) (1024K)]
=>0x000001c7aea33890 JavaThread "C2 CompilerThread0"         daemon [_thread_in_native, id=21264, stack(0x00000053d9d00000,0x00000053d9e00000) (1024K)]
  0x000001c7aea38250 JavaThread "C1 CompilerThread0"         daemon [_thread_blocked, id=30192, stack(0x00000053d9e00000,0x00000053d9f00000) (1024K)]
  0x000001c7aeb33100 JavaThread "Common-Cleaner"             daemon [_thread_blocked, id=10192, stack(0x00000053d9f00000,0x00000053da000000) (1024K)]
  0x000001c7f447c710 JavaThread "Monitor Ctrl-Break"         daemon [_thread_in_native, id=14156, stack(0x00000053da100000,0x00000053da200000) (1024K)]
  0x000001c7f44210c0 JavaThread "Notification Thread"        daemon [_thread_blocked, id=25568, stack(0x00000053da200000,0x00000053da300000) (1024K)]
  0x000001c7f89d30e0 JavaThread "boundedElastic-evictor-1"   daemon [_thread_blocked, id=12784, stack(0x00000053dac00000,0x00000053dad00000) (1024K)]
  0x000001c7f4c605f0 JavaThread "spring.cloud.inetutils"     daemon [_thread_blocked, id=20312, stack(0x00000053dad00000,0x00000053dae00000) (1024K)]
  0x000001c7f72aeb40 JavaThread "spectator-gauge-polling-0"  daemon [_thread_blocked, id=7660, stack(0x00000053dae00000,0x00000053daf00000) (1024K)]
  0x000001c7f562d4a0 JavaThread "AsyncResolver-bootstrap-%d" daemon [_thread_blocked, id=14980, stack(0x00000053daf00000,0x00000053db000000) (1024K)]
  0x000001c7f7215a50 JavaThread "DiscoveryClient-%d"         daemon [_thread_blocked, id=34120, stack(0x00000053db100000,0x00000053db200000) (1024K)]
  0x000001c7f7209b70 JavaThread "DiscoveryClient-%d"         daemon [_thread_blocked, id=27444, stack(0x00000053db200000,0x00000053db300000) (1024K)]
  0x000001c7f7290da0 JavaThread "DiscoveryClient-InstanceInfoReplicator-%d" daemon [_thread_blocked, id=9012, stack(0x00000053db300000,0x00000053db400000) (1024K)]
  0x000001c7f728f360 JavaThread "reactor-http-nio-1"         daemon [_thread_blocked, id=2992, stack(0x00000053db400000,0x00000053db500000) (1024K)]
  0x000001c7f7291430 JavaThread "DestroyJavaVM"                     [_thread_blocked, id=14644, stack(0x00000053d8f00000,0x00000053d9000000) (1024K)]
  0x000001c7f728e640 JavaThread "reactor-http-nio-2"         daemon [_thread_blocked, id=18952, stack(0x00000053da000000,0x00000053da100000) (1024K)]
  0x000001c7f7291ac0 JavaThread "reactor-http-nio-3"         daemon [_thread_blocked, id=14788, stack(0x00000053dab00000,0x00000053dac00000) (1024K)]
  0x000001c7f71da000 JavaThread "parallel-1"                 daemon [_thread_blocked, id=30492, stack(0x00000053db700000,0x00000053db800000) (1024K)]
  0x000001c7f71d8c50 JavaThread "reactor-http-nio-4"         daemon [_thread_blocked, id=30084, stack(0x00000053db800000,0x00000053db900000) (1024K)]
  0x000001c7f71d85c0 JavaThread "reactor-http-nio-5"         daemon [_thread_blocked, id=1592, stack(0x00000053db900000,0x00000053dba00000) (1024K)]
  0x000001c7f71da690 JavaThread "reactor-http-nio-6"         daemon [_thread_blocked, id=33972, stack(0x00000053dba00000,0x00000053dbb00000) (1024K)]
  0x000001c7f71d78a0 JavaThread "reactor-http-nio-7"         daemon [_thread_blocked, id=6728, stack(0x00000053dbb00000,0x00000053dbc00000) (1024K)]
  0x000001c7f71d7f30 JavaThread "reactor-http-nio-8"         daemon [_thread_blocked, id=32756, stack(0x00000053dbc00000,0x00000053dbd00000) (1024K)]
  0x000001c7f71d7210 JavaThread "Jndi-Dns-address-change-listener" daemon [_thread_in_native, id=28920, stack(0x00000053dbd00000,0x00000053dbe00000) (1024K)]
  0x000001c7f71d9970 JavaThread "parallel-2"                 daemon [_thread_blocked, id=31844, stack(0x00000053dbe00000,0x00000053dbf00000) (1024K)]
  0x000001c7f71dad20 JavaThread "parallel-3"                 daemon [_thread_blocked, id=12196, stack(0x00000053dc000000,0x00000053dc100000) (1024K)]
  0x000001c7f71dc0d0 JavaThread "pool-5-thread-1"            daemon [_thread_blocked, id=23120, stack(0x00000053dc100000,0x00000053dc200000) (1024K)]
  0x000001c7f71dba40 JavaThread "parallel-4"                 daemon [_thread_blocked, id=22792, stack(0x00000053dbf00000,0x00000053dc000000) (1024K)]
  0x000001c7f71dc760 JavaThread "parallel-5"                 daemon [_thread_blocked, id=12512, stack(0x00000053dc200000,0x00000053dc300000) (1024K)]
  0x000001c7f71db3b0 JavaThread "parallel-6"                 daemon [_thread_blocked, id=22208, stack(0x00000053dc300000,0x00000053dc400000) (1024K)]
  0x000001c7f71d92e0 JavaThread "DiscoveryClient-HeartbeatExecutor-%d" daemon [_thread_blocked, id=21192, stack(0x00000053dc600000,0x00000053dc700000) (1024K)]
  0x000001c7f71dcdf0 JavaThread "DiscoveryClient-CacheRefreshExecutor-%d" daemon [_thread_blocked, id=6380, stack(0x00000053dc700000,0x00000053dc800000) (1024K)]
  0x000001c7f71dd480 JavaThread "SIGINT handler"             daemon [_thread_blocked, id=13360, stack(0x00000053d8c00000,0x00000053d8d00000) (1024K)]
  0x000001c7f71ddb10 JavaThread "SpringApplicationShutdownHook"        [_thread_blocked, id=16256, stack(0x00000053d8d00000,0x00000053d8e00000) (1024K)]
Total: 39

Other Threads:
  0x000001c7ae3a4800 VMThread "VM Thread"                           [id=6792, stack(0x00000053d9600000,0x00000053d9700000) (1024K)]
  0x000001c7ae390ce0 WatcherThread "VM Periodic Task Thread"        [id=28780, stack(0x00000053d9500000,0x00000053d9600000) (1024K)]
  0x000001c78cf44220 WorkerThread "GC Thread#0"                     [id=732, stack(0x00000053d9000000,0x00000053d9100000) (1024K)]
  0x000001c7f4756610 WorkerThread "GC Thread#1"                     [id=8352, stack(0x00000053da300000,0x00000053da400000) (1024K)]
  0x000001c7f468d190 WorkerThread "GC Thread#2"                     [id=12756, stack(0x00000053da400000,0x00000053da500000) (1024K)]
  0x000001c7f461e750 WorkerThread "GC Thread#3"                     [id=18620, stack(0x00000053da500000,0x00000053da600000) (1024K)]
  0x000001c7f46aba20 WorkerThread "GC Thread#4"                     [id=14992, stack(0x00000053da600000,0x00000053da700000) (1024K)]
  0x000001c7f4a32d60 WorkerThread "GC Thread#5"                     [id=6888, stack(0x00000053da700000,0x00000053da800000) (1024K)]
  0x000001c7f4a329c0 WorkerThread "GC Thread#6"                     [id=29444, stack(0x00000053da800000,0x00000053da900000) (1024K)]
  0x000001c7f4a33100 WorkerThread "GC Thread#7"                     [id=26560, stack(0x00000053da900000,0x00000053daa00000) (1024K)]
  0x000001c78cf51000 ConcurrentGCThread "G1 Main Marker"            [id=11248, stack(0x00000053d9100000,0x00000053d9200000) (1024K)]
  0x000001c78cf51b00 WorkerThread "G1 Conc#0"                       [id=23160, stack(0x00000053d9200000,0x00000053d9300000) (1024K)]
  0x000001c7f5795850 WorkerThread "G1 Conc#1"                       [id=6688, stack(0x00000053daa00000,0x00000053dab00000) (1024K)]
  0x000001c7ae264e40 ConcurrentGCThread "G1 Refine#0"               [id=27324, stack(0x00000053d9300000,0x00000053d9400000) (1024K)]
  0x000001c7ae265660 ConcurrentGCThread "G1 Service"                [id=14084, stack(0x00000053d9400000,0x00000053d9500000) (1024K)]
Total: 15

Threads with active compile tasks:
C2 CompilerThread0  127077 6658   !   4       org.springframework.beans.factory.support.DefaultListableBeanFactory::doGetBeanNamesForType (505 bytes)
Total: 1

VM state: not at safepoint (normal execution)

VM Mutex/Monitor currently owned by a thread: None

Heap address: 0x0000000684000000, size: 6080 MB, Compressed Oops mode: Zero based, Oop shift amount: 3

CDS archive(s) mapped at: [0x000001c7af000000-0x000001c7afc80000-0x000001c7afc80000), size 13107200, SharedBaseAddress: 0x000001c7af000000, ArchiveRelocationMode: 1.
Compressed class space mapped at: 0x000001c7b0000000-0x000001c7f0000000, reserved size: 1073741824
Narrow klass base: 0x000001c7af000000, Narrow klass shift: 0, Narrow klass range: 0x100000000

GC Precious Log:
 CardTable entry size: 512
 Card Set container configuration: InlinePtr #cards 4 size 8 Array Of Cards #cards 32 size 80 Howl #buckets 8 coarsen threshold 7372 Howl Bitmap #cards 1024 size 144 coarsen threshold 921 Card regions per heap region 1 cards per card region 8192
 CPUs: 8 total, 8 available
 Memory: 24310M
 Large Page Support: Disabled
 NUMA Support: Disabled
 Compressed Oops: Enabled (Zero based)
 Heap Region Size: 4M
 Heap Min Capacity: 8M
 Heap Initial Capacity: 380M
 Heap Max Capacity: 6080M
 Pre-touch: Disabled
 Parallel Workers: 8
 Concurrent Workers: 2
 Concurrent Refinement Workers: 8
 Periodic GC: Disabled

Heap:
 garbage-first heap   total 81920K, used 52662K [0x0000000684000000, 0x0000000800000000)
  region size 4096K, 10 young (40960K), 2 survivors (8192K)
 Metaspace       used 57319K, committed 58112K, reserved 1114112K
  class space    used 7726K, committed 8064K, reserved 1048576K

Heap Regions: E=young(eden), S=young(survivor), O=old, HS=humongous(starts), HC=humongous(continues), CS=collection set, F=free, TAMS=top-at-mark-start, PB=parsable bottom
|   0|0x0000000684000000, 0x0000000684400000, 0x0000000684400000|100%| O|  |TAMS 0x0000000684000000| PB 0x0000000684000000| Untracked 
|   1|0x0000000684400000, 0x0000000684400000, 0x0000000684800000|  0%| F|  |TAMS 0x0000000684400000| PB 0x0000000684400000| Untracked 
|   2|0x0000000684800000, 0x0000000684c00000, 0x0000000684c00000|100%| O|  |TAMS 0x0000000684800000| PB 0x0000000684800000| Untracked 
|   3|0x0000000684c00000, 0x0000000685000000, 0x0000000685000000|100%| O|  |TAMS 0x0000000684c00000| PB 0x0000000684c00000| Untracked 
|   4|0x0000000685000000, 0x0000000685400000, 0x0000000685400000|100%| O|  |TAMS 0x0000000685000000| PB 0x0000000685000000| Untracked 
|   5|0x0000000685400000, 0x000000068576d8b8, 0x0000000685800000| 85%| O|  |TAMS 0x0000000685400000| PB 0x0000000685400000| Untracked 
|   6|0x0000000685800000, 0x0000000685800000, 0x0000000685c00000|  0%| F|  |TAMS 0x0000000685800000| PB 0x0000000685800000| Untracked 
|   7|0x0000000685c00000, 0x0000000685c00000, 0x0000000686000000|  0%| F|  |TAMS 0x0000000685c00000| PB 0x0000000685c00000| Untracked 
|   8|0x0000000686000000, 0x0000000686400000, 0x0000000686400000|100%| S|CS|TAMS 0x0000000686000000| PB 0x0000000686000000| Complete 
|   9|0x0000000686400000, 0x0000000686800000, 0x0000000686800000|100%| S|CS|TAMS 0x0000000686400000| PB 0x0000000686400000| Complete 
|  10|0x0000000686800000, 0x0000000686800000, 0x0000000686c00000|  0%| F|  |TAMS 0x0000000686800000| PB 0x0000000686800000| Untracked 
|  11|0x0000000686c00000, 0x0000000686c00000, 0x0000000687000000|  0%| F|  |TAMS 0x0000000686c00000| PB 0x0000000686c00000| Untracked 
|  12|0x0000000687000000, 0x000000068722ecd8, 0x0000000687400000| 54%| E|  |TAMS 0x0000000687000000| PB 0x0000000687000000| Complete 
|  13|0x0000000687400000, 0x0000000687800000, 0x0000000687800000|100%| E|CS|TAMS 0x0000000687400000| PB 0x0000000687400000| Complete 
|  14|0x0000000687800000, 0x0000000687c00000, 0x0000000687c00000|100%| E|CS|TAMS 0x0000000687800000| PB 0x0000000687800000| Complete 
|  15|0x0000000687c00000, 0x0000000688000000, 0x0000000688000000|100%| E|CS|TAMS 0x0000000687c00000| PB 0x0000000687c00000| Complete 
|  16|0x0000000688000000, 0x0000000688400000, 0x0000000688400000|100%| E|  |TAMS 0x0000000688000000| PB 0x0000000688000000| Complete 
|  17|0x0000000688400000, 0x0000000688800000, 0x0000000688800000|100%| E|CS|TAMS 0x0000000688400000| PB 0x0000000688400000| Complete 
|  18|0x0000000688800000, 0x0000000688c00000, 0x0000000688c00000|100%| E|CS|TAMS 0x0000000688800000| PB 0x0000000688800000| Complete 
|  94|0x000000069b800000, 0x000000069bc00000, 0x000000069bc00000|100%| E|CS|TAMS 0x000000069b800000| PB 0x000000069b800000| Complete 

Card table byte_map: [0x000001c7a54c0000,0x000001c7a60a0000] _byte_map_base: 0x000001c7a20a0000

Marking Bits: (CMBitMap*) 0x000001c78cf44920
 Bits: [0x000001c7a60a0000, 0x000001c7abfa0000)

Polling page: 0x000001c78acd0000

Metaspace:

Usage:
  Non-class:     48.43 MB used.
      Class:      7.54 MB used.
       Both:     55.98 MB used.

Virtual space:
  Non-class space:       64.00 MB reserved,      48.88 MB ( 76%) committed,  1 nodes.
      Class space:        1.00 GB reserved,       7.88 MB ( <1%) committed,  1 nodes.
             Both:        1.06 GB reserved,      56.75 MB (  5%) committed. 

Chunk freelists:
   Non-Class:  14.82 MB
       Class:  8.11 MB
        Both:  22.93 MB

MaxMetaspaceSize: unlimited
CompressedClassSpaceSize: 1.00 GB
Initial GC threshold: 21.00 MB
Current GC threshold: 59.00 MB
CDS: on
 - commit_granule_bytes: 65536.
 - commit_granule_words: 8192.
 - virtual_space_node_default_size: 8388608.
 - enlarge_chunks_in_place: 1.
 - use_allocation_guard: 0.


Internal statistics:

num_allocs_failed_limit: 6.
num_arena_births: 1158.
num_arena_deaths: 0.
num_vsnodes_births: 2.
num_vsnodes_deaths: 0.
num_space_committed: 908.
num_space_uncommitted: 0.
num_chunks_returned_to_freelist: 6.
num_chunks_taken_from_freelist: 3247.
num_chunk_merges: 6.
num_chunk_splits: 2258.
num_chunks_enlarged: 1695.
num_inconsistent_stats: 0.

CodeHeap 'non-profiled nmethods': size=120000Kb used=4368Kb max_used=4368Kb free=115631Kb
 bounds [0x000001c79d080000, 0x000001c79d4d0000, 0x000001c7a45b0000]
CodeHeap 'profiled nmethods': size=120000Kb used=12941Kb max_used=12941Kb free=107058Kb
 bounds [0x000001c7955b0000, 0x000001c796260000, 0x000001c79cae0000]
CodeHeap 'non-nmethods': size=5760Kb used=1845Kb max_used=1894Kb free=3914Kb
 bounds [0x000001c79cae0000, 0x000001c79cd50000, 0x000001c79d080000]
CodeCache: size=245760Kb, used=19154Kb, max_used=19203Kb, free=226603Kb
 total_blobs=6944, nmethods=6259, adapters=589, full_count=0
Compilation: enabled, stopped_count=0, restarted_count=0

Compilation events (20 events):
Event: 126.988 Thread 0x000001c7aea38250 6662       3       reactor.core.publisher.Operators::onLastAssembly (47 bytes)
Event: 126.988 Thread 0x000001c7aea38250 nmethod 6662 0x000001c79624fa10 code [0x000001c79624fc40, 0x000001c7962503d0]
Event: 126.991 Thread 0x000001c7aea38250 6663       3       io.netty.util.internal.shaded.org.jctools.queues.BaseMpscLinkedArrayQueueConsumerFields::lpConsumerIndex (11 bytes)
Event: 126.992 Thread 0x000001c7aea38250 nmethod 6663 0x000001c796250590 code [0x000001c796250740, 0x000001c7962508f8]
Event: 126.992 Thread 0x000001c7aea38250 6664       3       io.netty.util.internal.shaded.org.jctools.queues.BaseMpscLinkedArrayQueue::isEmpty (18 bytes)
Event: 126.992 Thread 0x000001c7aea38250 nmethod 6664 0x000001c796250990 code [0x000001c796250b40, 0x000001c796250ce0]
Event: 126.992 Thread 0x000001c7aea38250 6665       3       io.netty.util.internal.shaded.org.jctools.queues.MpscUnboundedArrayQueue::isEmpty (5 bytes)
Event: 126.992 Thread 0x000001c7aea38250 nmethod 6665 0x000001c796250d90 code [0x000001c796250f40, 0x000001c796251140]
Event: 126.995 Thread 0x000001c7aea38250 6667       3       java.lang.invoke.LambdaForm::create (12 bytes)
Event: 126.996 Thread 0x000001c7aea38250 nmethod 6667 0x000001c796251210 code [0x000001c7962513c0, 0x000001c7962514e8]
Event: 126.996 Thread 0x000001c7aea38250 6668       3       org.apache.hc.core5.http.protocol.HttpCoreContext::getAttribute (25 bytes)
Event: 126.996 Thread 0x000001c7aea38250 nmethod 6668 0x000001c796251590 code [0x000001c7962517c0, 0x000001c796251ea8]
Event: 126.998 Thread 0x000001c7aea38250 6669       3       org.apache.hc.core5.util.LangUtils::hashCode (17 bytes)
Event: 126.999 Thread 0x000001c7aea38250 nmethod 6669 0x000001c796252110 code [0x000001c7962522c0, 0x000001c796252530]
Event: 126.999 Thread 0x000001c7aea38250 6670       1       org.apache.hc.core5.http.message.BasicHttpRequest::getMethod (5 bytes)
Event: 126.999 Thread 0x000001c7aea38250 nmethod 6670 0x000001c79d4c4090 code [0x000001c79d4c4220, 0x000001c79d4c42f0]
Event: 126.999 Thread 0x000001c7aea38250 6671       3       java.time.format.DateTimePrintContext::getValue (36 bytes)
Event: 126.999 Thread 0x000001c7aea38250 nmethod 6671 0x000001c796252610 code [0x000001c796252800, 0x000001c796252b90]
Event: 126.999 Thread 0x000001c7aea38250 6672       3       java.time.ZonedDateTime::getLong (83 bytes)
Event: 126.999 Thread 0x000001c7aea38250 nmethod 6672 0x000001c796252c90 code [0x000001c796252ea0, 0x000001c796253518]

GC Heap History (20 events):
Event: 0.482 GC heap before
{Heap before GC invocations=0 (full 0):
 garbage-first heap   total 389120K, used 20480K [0x0000000684000000, 0x0000000800000000)
  region size 4096K, 5 young (20480K), 0 survivors (0K)
 Metaspace       used 4064K, committed 4224K, reserved 1114112K
  class space    used 430K, committed 512K, reserved 1048576K
}
Event: 0.486 GC heap after
{Heap after GC invocations=1 (full 0):
 garbage-first heap   total 389120K, used 7008K [0x0000000684000000, 0x0000000800000000)
  region size 4096K, 1 young (4096K), 1 survivors (4096K)
 Metaspace       used 4064K, committed 4224K, reserved 1114112K
  class space    used 430K, committed 512K, reserved 1048576K
}
Event: 0.762 GC heap before
{Heap before GC invocations=1 (full 0):
 garbage-first heap   total 389120K, used 19296K [0x0000000684000000, 0x0000000800000000)
  region size 4096K, 4 young (16384K), 1 survivors (4096K)
 Metaspace       used 7234K, committed 7424K, reserved 1114112K
  class space    used 865K, committed 960K, reserved 1048576K
}
Event: 0.764 GC heap after
{Heap after GC invocations=2 (full 0):
 garbage-first heap   total 389120K, used 8261K [0x0000000684000000, 0x0000000800000000)
  region size 4096K, 1 young (4096K), 1 survivors (4096K)
 Metaspace       used 7234K, committed 7424K, reserved 1114112K
  class space    used 865K, committed 960K, reserved 1048576K
}
Event: 1.414 GC heap before
{Heap before GC invocations=2 (full 0):
 garbage-first heap   total 389120K, used 53317K [0x0000000684000000, 0x0000000800000000)
  region size 4096K, 13 young (53248K), 1 survivors (4096K)
 Metaspace       used 18974K, committed 19328K, reserved 1114112K
  class space    used 2402K, committed 2560K, reserved 1048576K
}
Event: 1.418 GC heap after
{Heap after GC invocations=3 (full 0):
 garbage-first heap   total 389120K, used 12238K [0x0000000684000000, 0x0000000800000000)
  region size 4096K, 2 young (8192K), 2 survivors (8192K)
 Metaspace       used 18974K, committed 19328K, reserved 1114112K
  class space    used 2402K, committed 2560K, reserved 1048576K
}
Event: 1.650 GC heap before
{Heap before GC invocations=3 (full 0):
 garbage-first heap   total 389120K, used 28622K [0x0000000684000000, 0x0000000800000000)
  region size 4096K, 7 young (28672K), 2 survivors (8192K)
 Metaspace       used 21244K, committed 21504K, reserved 1114112K
  class space    used 2691K, committed 2816K, reserved 1048576K
}
Event: 1.654 GC heap after
{Heap after GC invocations=4 (full 0):
 garbage-first heap   total 389120K, used 14053K [0x0000000684000000, 0x0000000800000000)
  region size 4096K, 2 young (8192K), 2 survivors (8192K)
 Metaspace       used 21244K, committed 21504K, reserved 1114112K
  class space    used 2691K, committed 2816K, reserved 1048576K
}
Event: 2.144 GC heap before
{Heap before GC invocations=5 (full 0):
 garbage-first heap   total 57344K, used 38629K [0x0000000684000000, 0x0000000800000000)
  region size 4096K, 8 young (32768K), 2 survivors (8192K)
 Metaspace       used 23496K, committed 23808K, reserved 1114112K
  class space    used 2986K, committed 3136K, reserved 1048576K
}
Event: 2.149 GC heap after
{Heap after GC invocations=6 (full 0):
 garbage-first heap   total 57344K, used 15131K [0x0000000684000000, 0x0000000800000000)
  region size 4096K, 1 young (4096K), 1 survivors (4096K)
 Metaspace       used 23496K, committed 23808K, reserved 1114112K
  class space    used 2986K, committed 3136K, reserved 1048576K
}
Event: 2.725 GC heap before
{Heap before GC invocations=6 (full 0):
 garbage-first heap   total 57344K, used 39707K [0x0000000684000000, 0x0000000800000000)
  region size 4096K, 7 young (28672K), 1 survivors (4096K)
 Metaspace       used 28289K, committed 28672K, reserved 1114112K
  class space    used 3680K, committed 3840K, reserved 1048576K
}
Event: 2.733 GC heap after
{Heap after GC invocations=7 (full 0):
 garbage-first heap   total 57344K, used 17013K [0x0000000684000000, 0x0000000800000000)
  region size 4096K, 1 young (4096K), 1 survivors (4096K)
 Metaspace       used 28289K, committed 28672K, reserved 1114112K
  class space    used 3680K, committed 3840K, reserved 1048576K
}
Event: 3.174 GC heap before
{Heap before GC invocations=7 (full 0):
 garbage-first heap   total 57344K, used 41589K [0x0000000684000000, 0x0000000800000000)
  region size 4096K, 7 young (28672K), 1 survivors (4096K)
 Metaspace       used 33644K, committed 34112K, reserved 1114112K
  class space    used 4450K, committed 4672K, reserved 1048576K
}
Event: 3.184 GC heap after
{Heap after GC invocations=8 (full 0):
 garbage-first heap   total 57344K, used 19232K [0x0000000684000000, 0x0000000800000000)
  region size 4096K, 1 young (4096K), 1 survivors (4096K)
 Metaspace       used 33644K, committed 34112K, reserved 1114112K
  class space    used 4450K, committed 4672K, reserved 1048576K
}
Event: 3.472 GC heap before
{Heap before GC invocations=8 (full 0):
 garbage-first heap   total 57344K, used 27424K [0x0000000684000000, 0x0000000800000000)
  region size 4096K, 4 young (16384K), 1 survivors (4096K)
 Metaspace       used 35580K, committed 35968K, reserved 1114112K
  class space    used 4696K, committed 4864K, reserved 1048576K
}
Event: 3.477 GC heap after
{Heap after GC invocations=9 (full 0):
 garbage-first heap   total 225280K, used 20403K [0x0000000684000000, 0x0000000800000000)
  region size 4096K, 1 young (4096K), 1 survivors (4096K)
 Metaspace       used 35580K, committed 35968K, reserved 1114112K
  class space    used 4696K, committed 4864K, reserved 1048576K
}
Event: 4.357 GC heap before
{Heap before GC invocations=10 (full 0):
 garbage-first heap   total 81920K, used 65459K [0x0000000684000000, 0x0000000800000000)
  region size 4096K, 12 young (49152K), 1 survivors (4096K)
 Metaspace       used 41117K, committed 41792K, reserved 1114112K
  class space    used 5481K, committed 5760K, reserved 1048576K
}
Event: 4.366 GC heap after
{Heap after GC invocations=11 (full 0):
 garbage-first heap   total 81920K, used 23663K [0x0000000684000000, 0x0000000800000000)
  region size 4096K, 2 young (8192K), 2 survivors (8192K)
 Metaspace       used 41117K, committed 41792K, reserved 1114112K
  class space    used 5481K, committed 5760K, reserved 1048576K
}
Event: 10.691 GC heap before
{Heap before GC invocations=11 (full 0):
 garbage-first heap   total 81920K, used 64623K [0x0000000684000000, 0x0000000800000000)
  region size 4096K, 12 young (49152K), 2 survivors (8192K)
 Metaspace       used 51165K, committed 51840K, reserved 1114112K
  class space    used 6806K, committed 7104K, reserved 1048576K
}
Event: 10.707 GC heap after
{Heap after GC invocations=12 (full 0):
 garbage-first heap   total 81920K, used 28086K [0x0000000684000000, 0x0000000800000000)
  region size 4096K, 2 young (8192K), 2 survivors (8192K)
 Metaspace       used 51165K, committed 51840K, reserved 1114112K
  class space    used 6806K, committed 7104K, reserved 1048576K
}

Dll operation events (14 events):
Event: 0.008 Loaded shared library C:\Users\ADMIN\.jdks\ms-21.0.8\bin\java.dll
Event: 0.038 Loaded shared library C:\Users\ADMIN\.jdks\ms-21.0.8\bin\jsvml.dll
Event: 0.141 Loaded shared library C:\Users\ADMIN\.jdks\ms-21.0.8\bin\zip.dll
Event: 0.143 Loaded shared library C:\Users\ADMIN\.jdks\ms-21.0.8\bin\instrument.dll
Event: 0.147 Loaded shared library C:\Users\ADMIN\.jdks\ms-21.0.8\bin\net.dll
Event: 0.148 Loaded shared library C:\Users\ADMIN\.jdks\ms-21.0.8\bin\nio.dll
Event: 0.151 Loaded shared library C:\Users\ADMIN\.jdks\ms-21.0.8\bin\zip.dll
Event: 0.238 Loaded shared library D:\Download\IntelliJ IDEA Community Edition 2024.2.1\bin\breakgen64.dll
Event: 0.246 Loaded shared library C:\Users\ADMIN\.jdks\ms-21.0.8\bin\extnet.dll
Event: 0.274 Loaded shared library C:\Users\ADMIN\.jdks\ms-21.0.8\bin\jimage.dll
Event: 4.603 Loaded shared library C:\Users\ADMIN\.jdks\ms-21.0.8\bin\verify.dll
Event: 4.865 Loaded shared library C:\Users\ADMIN\.jdks\ms-21.0.8\bin\sunmscapi.dll
Event: 4.977 Loaded shared library C:\Users\ADMIN\.jdks\ms-21.0.8\bin\management.dll
Event: 4.979 Loaded shared library C:\Users\ADMIN\.jdks\ms-21.0.8\bin\management_ext.dll

Deoptimization events (20 events):
Event: 34.788 Thread 0x000001c7f71dcdf0 Uncommon trap: trap_request=0xffffffde fr.pc=0x000001c79d1884a4 relative=0x0000000000001a44
Event: 34.788 Thread 0x000001c7f71dcdf0 Uncommon trap: reason=class_check action=maybe_recompile pc=0x000001c79d1884a4 method=java.util.zip.InflaterInputStream.read([BII)I @ 78 c2
Event: 34.788 Thread 0x000001c7f71dcdf0 DEOPT PACKING pc=0x000001c79d1884a4 sp=0x00000053dc7fe310
Event: 34.788 Thread 0x000001c7f71dcdf0 DEOPT UNPACKING pc=0x000001c79cb37da2 sp=0x00000053dc7fe370 mode 2
Event: 34.789 Thread 0x000001c7f71dcdf0 Uncommon trap: trap_request=0xffffffde fr.pc=0x000001c79d1884a4 relative=0x0000000000001a44
Event: 34.789 Thread 0x000001c7f71dcdf0 Uncommon trap: reason=class_check action=maybe_recompile pc=0x000001c79d1884a4 method=java.util.zip.InflaterInputStream.read([BII)I @ 78 c2
Event: 34.789 Thread 0x000001c7f71dcdf0 DEOPT PACKING pc=0x000001c79d1884a4 sp=0x00000053dc7fd2e0
Event: 34.789 Thread 0x000001c7f71dcdf0 DEOPT UNPACKING pc=0x000001c79cb37da2 sp=0x00000053dc7fd340 mode 2
Event: 64.819 Thread 0x000001c7f7215a50 Uncommon trap: trap_request=0xffffff54 fr.pc=0x000001c79d2862a8 relative=0x0000000000005d48
Event: 64.819 Thread 0x000001c7f7215a50 Uncommon trap: reason=speculate_null_assert action=make_not_entrant pc=0x000001c79d2862a8 method=jdk.internal.util.ReferencedKeyMap.internKey(Ljdk/internal/util/ReferencedKeyMap;Ljava/lang/Object;)Ljava/lang/Object; @ 28 c2
Event: 64.819 Thread 0x000001c7f7215a50 DEOPT PACKING pc=0x000001c79d2862a8 sp=0x00000053db1fded0
Event: 64.819 Thread 0x000001c7f7215a50 DEOPT UNPACKING pc=0x000001c79cb37da2 sp=0x00000053db1fdd20 mode 2
Event: 64.837 Thread 0x000001c7f71dcdf0 Uncommon trap: trap_request=0xffffff6e fr.pc=0x000001c79d4ab58c relative=0x00000000000000ec
Event: 64.837 Thread 0x000001c7f71dcdf0 Uncommon trap: reason=loop_limit_check action=maybe_recompile pc=0x000001c79d4ab58c method=org.springframework.boot.context.properties.source.ConfigurationPropertyName.elementsEqual(Lorg/springframework/boot/context/properties/source/ConfigurationProperty
Event: 64.837 Thread 0x000001c7f71dcdf0 DEOPT PACKING pc=0x000001c79d4ab58c sp=0x00000053dc7fc510
Event: 64.837 Thread 0x000001c7f71dcdf0 DEOPT UNPACKING pc=0x000001c79cb37da2 sp=0x00000053dc7fc498 mode 2
Event: 126.993 Thread 0x000001c7f71ddb10 Uncommon trap: trap_request=0xffffff45 fr.pc=0x000001c79d1923cc relative=0x000000000000074c
Event: 126.993 Thread 0x000001c7f71ddb10 Uncommon trap: reason=unstable_if action=reinterpret pc=0x000001c79d1923cc method=java.lang.Integer.stringSize(I)I @ 3 c2
Event: 126.993 Thread 0x000001c7f71ddb10 DEOPT PACKING pc=0x000001c79d1923cc sp=0x00000053d8dfe130
Event: 126.993 Thread 0x000001c7f71ddb10 DEOPT UNPACKING pc=0x000001c79cb37da2 sp=0x00000053d8dfe090 mode 2

Classes loaded (20 events):
Event: 18.765 Loading class java/util/concurrent/locks/ReentrantReadWriteLock$Sync$HoldCounter
Event: 18.765 Loading class java/util/concurrent/locks/ReentrantReadWriteLock$Sync$HoldCounter done
Event: 46.505 Loading class java/util/concurrent/ConcurrentSkipListMap$SubMap
Event: 46.507 Loading class java/util/concurrent/ConcurrentSkipListMap$SubMap done
Event: 46.507 Loading class java/util/concurrent/ConcurrentSkipListMap$Values
Event: 46.507 Loading class java/util/concurrent/ConcurrentSkipListMap$Values done
Event: 46.507 Loading class java/util/concurrent/ConcurrentSkipListMap$SubMap$SubMapValueIterator
Event: 46.507 Loading class java/util/concurrent/ConcurrentSkipListMap$SubMap$SubMapIter
Event: 46.507 Loading class java/util/concurrent/ConcurrentSkipListMap$SubMap$SubMapIter done
Event: 46.507 Loading class java/util/concurrent/ConcurrentSkipListMap$SubMap$SubMapValueIterator done
Event: 126.979 Loading class jdk/internal/misc/Signal$1
Event: 126.979 Loading class jdk/internal/misc/Signal$1 done
Event: 126.980 Loading class java/util/WeakHashMap$KeyIterator
Event: 126.980 Loading class java/util/WeakHashMap$HashIterator
Event: 126.980 Loading class java/util/WeakHashMap$HashIterator done
Event: 126.980 Loading class java/util/WeakHashMap$KeyIterator done
Event: 126.986 Loading class java/util/concurrent/ConcurrentHashMap$EntrySpliterator
Event: 126.986 Loading class java/util/concurrent/ConcurrentHashMap$EntrySpliterator done
Event: 126.992 Loading class jdk/internal/event/ThreadSleepEvent
Event: 126.992 Loading class jdk/internal/event/ThreadSleepEvent done

Classes unloaded (0 events):
No events

Classes redefined (0 events):
No events

Internal exceptions (20 events):
Event: 10.727 Thread 0x000001c7f7291ac0 Exception <a 'java/lang/NoSuchMethodError'{0x000000069b8c6050}: 'void java.lang.invoke.DirectMethodHandle$Holder.invokeSpecial(java.lang.Object, java.lang.Object, int)'> (0x000000069b8c6050) 
thrown [s\src\hotspot\share\interpreter\linkResolver.cpp, line 773]
Event: 10.750 Thread 0x000001c7f7291ac0 Exception <a 'java/lang/NoSuchMethodError'{0x000000069ba03aa0}: 'java.lang.Object java.lang.invoke.Invokers$Holder.linkToTargetMethod(java.lang.Object, long, java.lang.Object)'> (0x000000069ba03aa0) 
thrown [s\src\hotspot\share\interpreter\linkResolver.cpp, line 773]
Event: 10.992 Thread 0x000001c7f71da000 Exception <a 'java/lang/NoSuchMethodError'{0x00000006885a3fb8}: 'java.lang.Object java.lang.invoke.DirectMethodHandle$Holder.newInvokeSpecial(java.lang.Object, java.lang.Object, java.lang.Object, int)'> (0x00000006885a3fb8) 
thrown [s\src\hotspot\share\interpreter\linkResolver.cpp, line 773]
Event: 10.993 Thread 0x000001c7f71da000 Exception <a 'java/lang/NoSuchMethodError'{0x00000006885a8118}: 'java.lang.Object java.lang.invoke.DirectMethodHandle$Holder.invokeSpecial(java.lang.Object, java.lang.Object, java.lang.Object, java.lang.Object, int)'> (0x00000006885a8118) 
thrown [s\src\hotspot\share\interpreter\linkResolver.cpp, line 773]
Event: 10.993 Thread 0x000001c7f71da000 Exception <a 'java/lang/NoSuchMethodError'{0x00000006885ab860}: 'java.lang.Object java.lang.invoke.Invokers$Holder.linkToTargetMethod(java.lang.Object, java.lang.Object, int, java.lang.Object)'> (0x00000006885ab860) 
thrown [s\src\hotspot\share\interpreter\linkResolver.cpp, line 773]
Event: 11.052 Thread 0x000001c7f71da000 Exception <a 'java/io/FileNotFoundException'{0x000000068876e4d8}> (0x000000068876e4d8) 
thrown [s\src\hotspot\share\prims\jni.cpp, line 520]
Event: 11.073 Thread 0x000001c7f71da000 Exception <a 'sun/nio/fs/WindowsException'{0x00000006887d8a78}> (0x00000006887d8a78) 
thrown [s\src\hotspot\share\prims\jni.cpp, line 520]
Event: 11.104 Thread 0x000001c7f71da000 Exception <a 'java/lang/NoSuchMethodError'{0x0000000688018640}: 'java.lang.Object java.lang.invoke.DirectMethodHandle$Holder.newInvokeSpecial(java.lang.Object, java.lang.Object, java.lang.Object, java.lang.Object, java.lang.Object, java.lang.Object)'> (0x0000000688018640) 
thrown [s\src\hotspot\share\interpreter\linkResolver.cpp, line 773]
Event: 11.125 Thread 0x000001c7f71da000 Exception <a 'java/lang/NoSuchMethodError'{0x00000006880cc838}: 'java.lang.Object java.lang.invoke.DirectMethodHandle$Holder.newInvokeSpecial(java.lang.Object, java.lang.Object, long, java.lang.Object)'> (0x00000006880cc838) 
thrown [s\src\hotspot\share\interpreter\linkResolver.cpp, line 773]
Event: 11.219 Thread 0x000001c7f71d85c0 Exception <a 'java/lang/NoSuchMethodError'{0x000000068828b9d0}: 'java.lang.Object java.lang.invoke.DirectMethodHandle$Holder.invokeStatic(java.lang.Object, java.lang.Object, java.lang.Object, int, java.lang.Object, java.lang.Object)'> (0x000000068828b9d0) 
thrown [s\src\hotspot\share\interpreter\linkResolver.cpp, line 773]
Event: 11.224 Thread 0x000001c7f71d85c0 Exception <a 'java/lang/NoSuchMethodError'{0x00000006882a25d8}: 'java.lang.Object java.lang.invoke.DirectMethodHandle$Holder.newInvokeSpecial(java.lang.Object, java.lang.Object, java.lang.Object, java.lang.Object, int, java.lang.Object)'> (0x00000006882a25d8) 
thrown [s\src\hotspot\share\interpreter\linkResolver.cpp, line 773]
Event: 11.224 Thread 0x000001c7f71d85c0 Exception <a 'java/lang/NoSuchMethodError'{0x00000006882c3a80}: 'java.lang.Object java.lang.invoke.DirectMethodHandle$Holder.invokeSpecial(java.lang.Object, java.lang.Object, java.lang.Object, java.lang.Object, java.lang.Object, int, java.lang.Object)'> (0x00000006882c3a80) 
thrown [s\src\hotspot\share\interpreter\linkResolver.cpp, line 773]
Event: 11.225 Thread 0x000001c7f71d85c0 Exception <a 'java/lang/NoSuchMethodError'{0x00000006882c70f8}: 'java.lang.Object java.lang.invoke.Invokers$Holder.linkToTargetMethod(java.lang.Object, java.lang.Object, java.lang.Object, int, java.lang.Object, java.lang.Object)'> (0x00000006882c70f8) 
thrown [s\src\hotspot\share\interpreter\linkResolver.cpp, line 773]
Event: 11.238 Thread 0x000001c7f71d85c0 Exception <a 'java/lang/IncompatibleClassChangeError'{0x0000000688303908}: Found class java.lang.Object, but interface was expected> (0x0000000688303908) 
thrown [s\src\hotspot\share\interpreter\linkResolver.cpp, line 840]
Event: 11.485 Thread 0x000001c7f71d9970 Exception <a 'java/lang/NoSuchMethodError'{0x00000006879af570}: 'int java.lang.invoke.DirectMethodHandle$Holder.invokeStatic(java.lang.Object, java.lang.Object, java.lang.Object, java.lang.Object, java.lang.Object)'> (0x00000006879af570) 
thrown [s\src\hotspot\share\interpreter\linkResolver.cpp, line 773]
Event: 11.487 Thread 0x000001c7f71d9970 Exception <a 'java/lang/NoSuchMethodError'{0x00000006879c6b70}: 'void java.lang.invoke.DirectMethodHandle$Holder.invokeSpecial(java.lang.Object, java.lang.Object, java.lang.Object, java.lang.Object, java.lang.Object, java.lang.Object, java.lang.Object, java.lang.Object)'> (0x00000006879c6b70) 
thrown [s\src\hotspot\share\interpreter\linkResolver.cpp, line 773]
Event: 11.497 Thread 0x000001c7f71d9970 Exception <a 'java/lang/NoSuchMethodError'{0x0000000687a18d78}: 'java.lang.Object java.lang.invoke.DirectMethodHandle$Holder.invokeInterface(java.lang.Object, java.lang.Object, java.lang.Object, int)'> (0x0000000687a18d78) 
thrown [s\src\hotspot\share\interpreter\linkResolver.cpp, line 773]
Event: 11.560 Thread 0x000001c7f71da690 Exception <a 'java/lang/NoSuchMethodError'{0x0000000687b82e18}: 'void java.lang.invoke.DirectMethodHandle$Holder.invokeStaticInit(java.lang.Object)'> (0x0000000687b82e18) 
thrown [s\src\hotspot\share\interpreter\linkResolver.cpp, line 773]
Event: 126.996 Thread 0x000001c7f71ddb10 Exception <a 'java/lang/NoSuchMethodError'{0x0000000687212f78}: 'java.lang.Object java.lang.invoke.DirectMethodHandle$Holder.newInvokeSpecial(java.lang.Object, java.lang.Object, long)'> (0x0000000687212f78) 
thrown [s\src\hotspot\share\interpreter\linkResolver.cpp, line 773]
Event: 126.997 Thread 0x000001c7f71ddb10 Exception <a 'java/lang/NoClassDefFoundError'{0x0000000687219740}: io/micrometer/core/instrument/Metrics> (0x0000000687219740) 
thrown [s\src\hotspot\share\classfile\systemDictionary.cpp, line 301]

ZGC Phase Switch (0 events):
No events

VM Operations (20 events):
Event: 34.908 Executing VM operation: Cleanup
Event: 34.908 Executing VM operation: Cleanup done
Event: 60.102 Executing VM operation: HandshakeAllThreads (HandshakeForDeflation)
Event: 60.102 Executing VM operation: HandshakeAllThreads (HandshakeForDeflation) done
Event: 60.102 Executing VM operation: RendezvousGCThreads
Event: 60.102 Executing VM operation: RendezvousGCThreads done
Event: 65.142 Executing VM operation: Cleanup
Event: 65.142 Executing VM operation: Cleanup done
Event: 75.208 Executing VM operation: Cleanup
Event: 75.208 Executing VM operation: Cleanup done
Event: 95.412 Executing VM operation: Cleanup
Event: 95.413 Executing VM operation: Cleanup done
Event: 105.490 Executing VM operation: Cleanup
Event: 105.490 Executing VM operation: Cleanup done
Event: 120.110 Executing VM operation: HandshakeAllThreads (HandshakeForDeflation)
Event: 120.110 Executing VM operation: HandshakeAllThreads (HandshakeForDeflation) done
Event: 120.110 Executing VM operation: RendezvousGCThreads
Event: 120.110 Executing VM operation: RendezvousGCThreads done
Event: 125.171 Executing VM operation: Cleanup
Event: 125.171 Executing VM operation: Cleanup done

Memory protections (0 events):
No events

Nmethod flushes (20 events):
Event: 3.500 Thread 0x000001c7ae3a4800 flushing  nmethod 0x000001c795819a10
Event: 3.500 Thread 0x000001c7ae3a4800 flushing  nmethod 0x000001c79581df90
Event: 3.500 Thread 0x000001c7ae3a4800 flushing  nmethod 0x000001c79581fa10
Event: 3.500 Thread 0x000001c7ae3a4800 flushing  nmethod 0x000001c795822110
Event: 3.500 Thread 0x000001c7ae3a4800 flushing  nmethod 0x000001c795822810
Event: 3.500 Thread 0x000001c7ae3a4800 flushing  nmethod 0x000001c79582e790
Event: 3.500 Thread 0x000001c7ae3a4800 flushing  nmethod 0x000001c795838c90
Event: 3.500 Thread 0x000001c7ae3a4800 flushing  nmethod 0x000001c795862b90
Event: 3.500 Thread 0x000001c7ae3a4800 flushing  nmethod 0x000001c795863d10
Event: 3.500 Thread 0x000001c7ae3a4800 flushing  nmethod 0x000001c79586f610
Event: 3.500 Thread 0x000001c7ae3a4800 flushing  nmethod 0x000001c79589ad90
Event: 3.500 Thread 0x000001c7ae3a4800 flushing  nmethod 0x000001c7958a8010
Event: 3.500 Thread 0x000001c7ae3a4800 flushing  nmethod 0x000001c7958db210
Event: 3.500 Thread 0x000001c7ae3a4800 flushing  nmethod 0x000001c7958e0490
Event: 3.500 Thread 0x000001c7ae3a4800 flushing  nmethod 0x000001c795980190
Event: 3.500 Thread 0x000001c7ae3a4800 flushing  nmethod 0x000001c795985210
Event: 3.500 Thread 0x000001c7ae3a4800 flushing  nmethod 0x000001c79598fd10
Event: 3.500 Thread 0x000001c7ae3a4800 flushing osr nmethod 0x000001c7959cd890
Event: 3.500 Thread 0x000001c7ae3a4800 flushing  nmethod 0x000001c795a30e10
Event: 3.500 Thread 0x000001c7ae3a4800 flushing  nmethod 0x000001c795a33710

Events (20 events):
Event: 11.209 Thread 0x000001c7aea38250 Thread added: 0x000001c7aed24130
Event: 11.329 Thread 0x000001c7aed24130 Thread exited: 0x000001c7aed24130
Event: 11.376 Thread 0x000001c7f7290710 Thread added: 0x000001c7f71d9970
Event: 11.427 Thread 0x000001c7aea38250 Thread added: 0x000001c7aed255a0
Event: 11.497 Thread 0x000001c7f71d9970 Thread added: 0x000001c7f71dad20
Event: 11.500 Thread 0x000001c7f71d9970 Thread added: 0x000001c7f71dc0d0
Event: 12.685 Thread 0x000001c7aed255a0 Thread exited: 0x000001c7aed255a0
Event: 12.701 Thread 0x000001c7f7290710 Thread added: 0x000001c7f71dba40
Event: 18.763 Thread 0x000001c7f7290710 Thread added: 0x000001c7f71dc760
Event: 18.764 Thread 0x000001c7f7290710 Thread added: 0x000001c7f71db3b0
Event: 34.770 Thread 0x000001c7f7209b70 Thread added: 0x000001c7f71d92e0
Event: 34.770 Thread 0x000001c7f7215a50 Thread added: 0x000001c7f71dcdf0
Event: 34.805 Thread 0x000001c7aea38250 Thread added: 0x000001c7aed23390
Event: 39.832 Thread 0x000001c7aed23390 Thread exited: 0x000001c7aed23390
Event: 122.833 Thread 0x000001c7f7290710 Thread exited: 0x000001c7f7290710
Event: 126.979 Thread 0x000001c7aea26cd0 Thread added: 0x000001c7f71dd480
Event: 126.980 Thread 0x000001c7f71dd480 Thread added: 0x000001c7f71ddb10
Event: 126.980 Thread 0x000001c7f71dd480 Thread added: 0x000001c7f71de830
Event: 126.980 Thread 0x000001c7f71de830 Thread exited: 0x000001c7f71de830
Event: 126.986 Thread 0x000001c7f7290080 Thread exited: 0x000001c7f7290080


Dynamic libraries:
0x00007ff74c3b0000 - 0x00007ff74c3be000 	C:\Users\ADMIN\.jdks\ms-21.0.8\bin\java.exe
0x00007fffdcd20000 - 0x00007fffdcf88000 	C:\WINDOWS\SYSTEM32\ntdll.dll
0x00007fffdaac0000 - 0x00007fffdab89000 	C:\WINDOWS\System32\KERNEL32.DLL
0x00007fffda280000 - 0x00007fffda678000 	C:\WINDOWS\System32\KERNELBASE.dll
0x00007fffda680000 - 0x00007fffda7cb000 	C:\WINDOWS\System32\ucrtbase.dll
0x00007fffcdc20000 - 0x00007fffcdc3e000 	C:\Users\ADMIN\.jdks\ms-21.0.8\bin\VCRUNTIME140.dll
0x00007fffcdc40000 - 0x00007fffcdc58000 	C:\Users\ADMIN\.jdks\ms-21.0.8\bin\jli.dll
0x00007fffdcab0000 - 0x00007fffdcc77000 	C:\WINDOWS\System32\USER32.dll
0x00007fffc55f0000 - 0x00007fffc5884000 	C:\WINDOWS\WinSxS\amd64_microsoft.windows.common-controls_6595b64144ccf1df_6.0.26100.7019_none_3e06ffa0e335b8a8\COMCTL32.dll
0x00007fffda100000 - 0x00007fffda127000 	C:\WINDOWS\System32\win32u.dll
0x00007fffdc850000 - 0x00007fffdc8f9000 	C:\WINDOWS\System32\msvcrt.dll
0x00007fffdcc90000 - 0x00007fffdccbb000 	C:\WINDOWS\System32\GDI32.dll
0x00007fffd9e70000 - 0x00007fffd9f9c000 	C:\WINDOWS\System32\gdi32full.dll
0x00007fffda050000 - 0x00007fffda0f3000 	C:\WINDOWS\System32\msvcp_win.dll
0x00007fffdbe10000 - 0x00007fffdbe41000 	C:\WINDOWS\System32\IMM32.DLL
0x00007fffd38c0000 - 0x00007fffd38cc000 	C:\Users\ADMIN\.jdks\ms-21.0.8\bin\vcruntime140_1.dll
0x00007fff95e50000 - 0x00007fff95ed9000 	C:\Users\ADMIN\.jdks\ms-21.0.8\bin\msvcp140.dll
0x00007fff40e40000 - 0x00007fff41bec000 	C:\Users\ADMIN\.jdks\ms-21.0.8\bin\server\jvm.dll
0x00007fffdb3c0000 - 0x00007fffdb474000 	C:\WINDOWS\System32\ADVAPI32.dll
0x00007fffdb200000 - 0x00007fffdb2a6000 	C:\WINDOWS\System32\sechost.dll
0x00007fffdc910000 - 0x00007fffdca28000 	C:\WINDOWS\System32\RPCRT4.dll
0x00007fffdca30000 - 0x00007fffdcaa4000 	C:\WINDOWS\System32\WS2_32.dll
0x00007fffd9cd0000 - 0x00007fffd9d2e000 	C:\WINDOWS\SYSTEM32\POWRPROF.dll
0x00007fffcae40000 - 0x00007fffcae4b000 	C:\WINDOWS\SYSTEM32\VERSION.dll
0x00007fffd2670000 - 0x00007fffd26a5000 	C:\WINDOWS\SYSTEM32\WINMM.dll
0x00007fffd9cb0000 - 0x00007fffd9cc4000 	C:\WINDOWS\SYSTEM32\UMPDC.dll
0x00007fffd8c30000 - 0x00007fffd8c4b000 	C:\WINDOWS\SYSTEM32\kernel.appcore.dll
0x00007fffcdc10000 - 0x00007fffcdc1a000 	C:\Users\ADMIN\.jdks\ms-21.0.8\bin\jimage.dll
0x00007fffd74c0000 - 0x00007fffd7702000 	C:\WINDOWS\SYSTEM32\DBGHELP.DLL
0x00007fffdc2e0000 - 0x00007fffdc66b000 	C:\WINDOWS\System32\combase.dll
0x00007fffdbd00000 - 0x00007fffdbdd7000 	C:\WINDOWS\System32\OLEAUT32.dll
0x00007fffbf7d0000 - 0x00007fffbf80c000 	C:\WINDOWS\SYSTEM32\dbgcore.DLL
0x00007fffd9fa0000 - 0x00007fffda045000 	C:\WINDOWS\System32\bcryptPrimitives.dll
0x00007fffd4e80000 - 0x00007fffd4e90000 	C:\Users\ADMIN\.jdks\ms-21.0.8\bin\instrument.dll
0x00007fffcdbe0000 - 0x00007fffcdc01000 	C:\Users\ADMIN\.jdks\ms-21.0.8\bin\java.dll
0x00007fffdb550000 - 0x00007fffdbc9f000 	C:\WINDOWS\System32\SHELL32.dll
0x00007fffda7d0000 - 0x00007fffda93b000 	C:\WINDOWS\System32\wintypes.dll
0x00007fffd7a70000 - 0x00007fffd82cd000 	C:\WINDOWS\SYSTEM32\windows.storage.dll
0x00007fffdb100000 - 0x00007fffdb1f2000 	C:\WINDOWS\System32\SHCORE.dll
0x00007fffdb010000 - 0x00007fffdb077000 	C:\WINDOWS\System32\shlwapi.dll
0x00007fffd9d90000 - 0x00007fffd9db9000 	C:\WINDOWS\SYSTEM32\profapi.dll
0x00007fff618a0000 - 0x00007fff61976000 	C:\Users\ADMIN\.jdks\ms-21.0.8\bin\jsvml.dll
0x00007fffc4980000 - 0x00007fffc4998000 	C:\Users\ADMIN\.jdks\ms-21.0.8\bin\zip.dll
0x00007fffcdbc0000 - 0x00007fffcdbd1000 	C:\Users\ADMIN\.jdks\ms-21.0.8\bin\net.dll
0x00007fffd3af0000 - 0x00007fffd3c18000 	C:\WINDOWS\SYSTEM32\WINHTTP.dll
0x00007fffd91a0000 - 0x00007fffd920b000 	C:\WINDOWS\system32\mswsock.dll
0x00007fffc6cf0000 - 0x00007fffc6d06000 	C:\Users\ADMIN\.jdks\ms-21.0.8\bin\nio.dll
0x00007fffd3470000 - 0x00007fffd348a000 	D:\Download\IntelliJ IDEA Community Edition 2024.2.1\bin\breakgen64.dll
0x00007fffccce0000 - 0x00007fffccce9000 	C:\Users\ADMIN\.jdks\ms-21.0.8\bin\extnet.dll
0x00007fffd86d0000 - 0x00007fffd8704000 	C:\WINDOWS\SYSTEM32\IPHLPAPI.DLL
0x00007fffdc900000 - 0x00007fffdc90a000 	C:\WINDOWS\System32\NSI.dll
0x00007fffd8710000 - 0x00007fffd883c000 	C:\WINDOWS\SYSTEM32\DNSAPI.dll
0x00007fffd23a0000 - 0x00007fffd23ab000 	C:\Windows\System32\rasadhlp.dll
0x00007fffd4030000 - 0x00007fffd40b6000 	C:\WINDOWS\System32\fwpuclnt.dll
0x00007fffd9460000 - 0x00007fffd947b000 	C:\WINDOWS\SYSTEM32\CRYPTSP.dll
0x00007fffd8b90000 - 0x00007fffd8bca000 	C:\WINDOWS\system32\rsaenh.dll
0x00007fffd9250000 - 0x00007fffd927b000 	C:\WINDOWS\SYSTEM32\USERENV.dll
0x00007fffd9d60000 - 0x00007fffd9d8a000 	C:\WINDOWS\SYSTEM32\bcrypt.dll
0x00007fffd9480000 - 0x00007fffd948c000 	C:\WINDOWS\SYSTEM32\CRYPTBASE.dll
0x00007fffc7660000 - 0x00007fffc7670000 	C:\Users\ADMIN\.jdks\ms-21.0.8\bin\verify.dll
0x00007fffc7250000 - 0x00007fffc725e000 	C:\Users\ADMIN\.jdks\ms-21.0.8\bin\sunmscapi.dll
0x00007fffda940000 - 0x00007fffdaab7000 	C:\WINDOWS\System32\CRYPT32.dll
0x00007fffd9680000 - 0x00007fffd96b0000 	C:\WINDOWS\SYSTEM32\ncrypt.dll
0x00007fffd9630000 - 0x00007fffd966f000 	C:\WINDOWS\SYSTEM32\NTASN1.dll
0x00007fffaede0000 - 0x00007fffaede8000 	C:\WINDOWS\system32\wshunix.dll
0x00007fffd4870000 - 0x00007fffd487a000 	C:\Users\ADMIN\.jdks\ms-21.0.8\bin\management.dll
0x00007fffd4860000 - 0x00007fffd486c000 	C:\Users\ADMIN\.jdks\ms-21.0.8\bin\management_ext.dll
0x00007fffdb540000 - 0x00007fffdb548000 	C:\WINDOWS\System32\PSAPI.DLL
0x00007fffb5e30000 - 0x00007fffb5e48000 	C:\WINDOWS\system32\napinsp.dll
0x00007fffb5e80000 - 0x00007fffb5e92000 	C:\WINDOWS\System32\winrnr.dll
0x00007fffb5e50000 - 0x00007fffb5e72000 	C:\WINDOWS\system32\nlansp_c.dll
0x00007fffb5e10000 - 0x00007fffb5e26000 	C:\WINDOWS\system32\wshbth.dll
0x00007fffd3ef0000 - 0x00007fffd3f0e000 	C:\WINDOWS\SYSTEM32\dhcpcsvc6.DLL
0x00007fffd3de0000 - 0x00007fffd3e03000 	C:\WINDOWS\SYSTEM32\dhcpcsvc.DLL

JVMTI agents:
D:\Download\IntelliJ IDEA Community Edition 2024.2.1\lib\idea_rt.jar path:C:\Users\ADMIN\.jdks\ms-21.0.8\bin\instrument.dll, loaded, initialized, instrumentlib options:52681:D:\Download\IntelliJ IDEA Community Edition 2024.2.1\bin

dbghelp: loaded successfully - version: 4.0.5 - missing functions: none
symbol engine: initialized successfully - sym options: 0x614 - pdb path: .;C:\Users\ADMIN\.jdks\ms-21.0.8\bin;C:\WINDOWS\SYSTEM32;C:\WINDOWS\WinSxS\amd64_microsoft.windows.common-controls_6595b64144ccf1df_6.0.26100.7019_none_3e06ffa0e335b8a8;C:\Users\ADMIN\.jdks\ms-21.0.8\bin\server;D:\Download\IntelliJ IDEA Community Edition 2024.2.1\bin

VM Arguments:
jvm_args: -javaagent:D:\Download\IntelliJ IDEA Community Edition 2024.2.1\lib\idea_rt.jar=52681:D:\Download\IntelliJ IDEA Community Edition 2024.2.1\bin -Dfile.encoding=UTF-8 -Dsun.stdout.encoding=UTF-8 -Dsun.stderr.encoding=UTF-8 
java_command: com.example.gateway_service.GatewayServiceApplication
java_class_path (initial): D:\microservice-project\gateway-service\gateway-service\target\classes;C:\Users\ADMIN\.m2\repository\org\springframework\cloud\spring-cloud-starter-gateway\4.1.5\spring-cloud-starter-gateway-4.1.5.jar;C:\Users\ADMIN\.m2\repository\org\springframework\cloud\spring-cloud-starter\4.1.4\spring-cloud-starter-4.1.4.jar;C:\Users\ADMIN\.m2\repository\org\springframework\cloud\spring-cloud-context\4.1.4\spring-cloud-context-4.1.4.jar;C:\Users\ADMIN\.m2\repository\org\springframework\cloud\spring-cloud-commons\4.1.4\spring-cloud-commons-4.1.4.jar;C:\Users\ADMIN\.m2\repository\org\springframework\security\spring-security-rsa\1.1.3\spring-security-rsa-1.1.3.jar;C:\Users\ADMIN\.m2\repository\org\bouncycastle\bcprov-jdk18on\1.78\bcprov-jdk18on-1.78.jar;C:\Users\ADMIN\.m2\repository\org\springframework\cloud\spring-cloud-gateway-server\4.1.5\spring-cloud-gateway-server-4.1.5.jar;C:\Users\ADMIN\.m2\repository\org\springframework\boot\spring-boot-starter-validation\3.2.5\spring-boot-starter-validation-3.2.5.jar;C:\Users\ADMIN\.m2\repository\org\apache\tomcat\embed\tomcat-embed-el\10.1.20\tomcat-embed-el-10.1.20.jar;C:\Users\ADMIN\.m2\repository\org\hibernate\validator\hibernate-validator\8.0.1.Final\hibernate-validator-8.0.1.Final.jar;C:\Users\ADMIN\.m2\repository\jakarta\validation\jakarta.validation-api\3.0.2\jakarta.validation-api-3.0.2.jar;C:\Users\ADMIN\.m2\repository\org\jboss\logging\jboss-logging\3.5.3.Final\jboss-logging-3.5.3.Final.jar;C:\Users\ADMIN\.m2\repository\com\fasterxml\classmate\1.6.0\classmate-1.6.0.jar;C:\Users\ADMIN\.m2\repository\io\projectreactor\addons\reactor-extra\3.5.1\reactor-extra-3.5.1.jar;C:\Users\ADMIN\.m2\repository\io\projectreactor\reactor-core\3.6.5\reactor-core-3.6.5.jar;C:\Users\ADMIN\.m2\repository\org\reactivestreams\reactive-streams\1.0.4\reactive-streams-1.0.4.jar;C:\Users\ADMIN\.m2\repository\org\springframework\boot\spring-boot-starter-webflux\3.2.5\spring-boot-starter-webflux-3.2.5.jar;C:\Users\ADMIN\.m2\repository\org\springframework\boot\spring-boot-starter-json\3.2.5\spring-boot-starter-json-3.2.5.jar;C:\Users\ADMIN\.m2\repository\com\fasterxml\jackson\datatype\jackson-datatype-jdk8\2.15.4\jackson-datatype-jdk8-2.15.4.jar;C:\Users\ADMIN\.m2\repository\com\fasterxml\jackson\datatype\jackson-datatype-jsr310\2.15.4\jackson-datatype-jsr310-2.15.4.jar;C:\Users\ADMIN\.m2\repository\com\fasterxml\jackson\module\jackson-module-parameter-names\2.15.4\jackson-module-parameter-names-2.15.4.jar;C:\Users\ADMIN\.m2\repository\org\springframework\boot\spring-boot-starter-reactor-netty\3.2.5\spring-boot-starter-reactor-netty-3.2.5.jar;C:\Users\ADMIN\.m2\repository\io\projectreactor\netty\reactor-netty-http\1.1.18\reactor-netty-http-1.1.18.jar;C:\Users\ADMIN\.m2\repository\io\netty\netty-codec-http\4.1.109.Final\netty-codec-http-4.1.109.Final.jar;C:\Users\ADMIN\.m2\repository\io\netty\netty-common\4.1.109.Final\netty-common-4.1.109.Final.jar;C:\Users\ADMIN\.m2\repository\io\netty\netty-buffer\4.1.109.Final\netty-buffer-4.1.109.Final.jar;C:\Users\ADMIN\.m2\repository\io\netty\netty-transport\4.1.109.Final\netty-transport-4.1.109.Final.jar;C:\Users\ADMIN\.m2\repository\io\netty\netty-codec\4.1.109.Final\netty-codec-4.1.109.Final.jar;C:\Users\ADMIN\.m2\repository\io\netty\netty-handler\4.1.109.Final\netty-handler-4.1.109.Final.jar;C:\Users\ADMIN\.m2\repository\io\netty\netty-codec-http2\4.1.109.Final\netty-codec-http2-4.1.109.Final.jar;C:\Users\ADMIN\.m2\repository\io\netty\netty-resolver-dns\4.1.109.Final\netty-resolver-dns-4.1.109.Final.jar;C:\Users\ADMIN\.m2\repository\io\netty\netty-resolver\4.1.109.Final\netty-resolver-4.1.109.Final.jar;C:\Users\ADMIN\.m2\repository\io\netty\netty-codec-dns\4.1.109.Final\netty-codec-dns-4.1.109.Final.jar;C:\Users\ADMIN\.m2\repository\io\netty\netty-resolver-dns-native-macos\4.1.109.Final\netty-resolver-dns-native-macos-4.1.109.Final-osx-x86_64.jar;C:\Users\ADMIN\.m2\repository\io\netty\netty-resolver-dns-classes-macos\4.1.109.Final\netty-resolver-dns-classes-macos-4.1.109.Final.jar;C:\Users\ADMIN\.m2\repository\io\netty\netty-transport-native-epoll\4.1.109.Final\netty-transport-native-epoll-4.1.109.Final-linux-x86_64.jar;C:\Users\ADMIN\.m2\repository\io\netty\netty-transport-native-unix-common\4.1.109.Final\netty-transport-native-unix-common-4.1.109.Final.jar;C:\Users\ADMIN\.m2\repository\io\netty\netty-transport-classes-epoll\4.1.109.Final\netty-transport-classes-epoll-4.1.109.Final.jar;C:\Users\ADMIN\.m2\repository\io\projectreactor\netty\reactor-netty-core\1.1.18\reactor-netty-core-1.1.18.jar;C:\Users\ADMIN\.m2\repository\io\netty\netty-handler-proxy\4.1.109.Final\netty-handler-proxy-4.1.109.Final.jar;C:\Users\ADMIN\.m2\repository\io\netty\netty-codec-socks\4.1.109.Final\netty-codec-socks-4.1.109.Final.jar;C:\Users\ADMIN\.m2\repository\org\springframework\spring-web\6.1.6\spring-web-6.1.6.jar;C:\Users\ADMIN\.m2\repository\org\springframework\spring-webflux\6.1.6\spring-webflux-6.1.6.jar;C:\Users\ADMIN\.m2\repository\org\springframework\cloud\spring-cloud-starter-netflix-eureka-client\4.1.3\spring-cloud-starter-netflix-eureka-client-4.1.3.jar;C:\Users\ADMIN\.m2\repository\org\springframework\cloud\spring-cloud-netflix-eureka-client\4.1.3\spring-cloud-netflix-eureka-client-4.1.3.jar;C:\Users\ADMIN\.m2\repository\org\apache\httpcomponents\client5\httpclient5\5.2.3\httpclient5-5.2.3.jar;C:\Users\ADMIN\.m2\repository\org\apache\httpcomponents\core5\httpcore5\5.2.4\httpcore5-5.2.4.jar;C:\Users\ADMIN\.m2\repository\org\apache\httpcomponents\core5\httpcore5-h2\5.2.4\httpcore5-h2-5.2.4.jar;C:\Users\ADMIN\.m2\repository\com\netflix\eureka\eureka-client\2.0.3\eureka-client-2.0.3.jar;C:\Users\ADMIN\.m2\repository\com\thoughtworks\xstream\xstream\1.4.20\xstream-1.4.20.jar;C:\Users\ADMIN\.m2\repository\io\github\x-stream\mxparser\1.2.2\mxparser-1.2.2.jar;C:\Users\ADMIN\.m2\repository\xmlpull\xmlpull\1.1.3.1\xmlpull-1.1.3.1.jar;C:\Users\ADMIN\.m2\repository\jakarta\ws\rs\jakarta.ws.rs-api\3.1.0\jakarta.ws.rs-api-3.1.0.jar;C:\Users\ADMIN\.m2\repository\jakarta\inject\jakarta.inject-api\2.0.1\jakarta.inject-api-2.0.1.jar;C:\Users\ADMIN\.m2\repository\jakarta\annotation\jakarta.annotation-api\2.1.1\jakarta.annotation-api-2.1.1.jar;C:\Users\ADMIN\.m2\repository\com\netflix\spectator\spectator-api\1.7.3\spectator-api-1.7.3.jar;C:\Users\ADMIN\.m2\repository\org\slf4j\slf4j-api\2.0.13\slf4j-api-2.0.13.jar;C:\Users\ADMIN\.m2\repository\org\apache\httpcomponents\httpclient\4.5.3\httpclient-4.5.3.jar;C:\Users\ADMIN\.m2\repository\org\apache\httpcomponents\httpcore\4.4.16\httpcore-4.4.16.jar;C:\Users\ADMIN\.m2\repository\commons-codec\commons-codec\1.16.1\commons-codec-1.16.1.jar;C:\Users\ADMIN\.m2\repository\commons-configuration\commons-configuration\1.10\commons-configuration-1.10.jar;C:\Users\ADMIN\.m2\repository\commons-lang\commons-lang\2.6\commons-lang-2.6.jar;C:\Users\ADMIN\.m2\repository\com\fasterxml\jackson\core\jackson-annotations\2.15.4\jackson-annotations-2.15.4.jar;C:\Users\ADMIN\.m2\repository\com\fasterxml\jackson\core\jackson-core\2.15.4\jackson-core-2.15.4.jar;C:\Users\ADMIN\.m2\repository\com\fasterxml\jackson\core\jackson-databind\2.15.4\jackson-databind-2.15.4.jar;C:\Users\ADMIN\.m2\repository\com\netflix\netflix-commons\netflix-eventbus\0.3.0\netflix-eventbus-0.3.0.jar;C:\Users\ADMIN\.m2\repository\com\netflix\netflix-commons\netflix-infix\0.3.0\netflix-infix-0.3.0.jar;C:\Users\ADMIN\.m2\repository\commons-jxpath\commons-jxpath\1.3\commons-jxpath-1.3.jar;C:\Users\ADMIN\.m2\repository\joda-time\joda-time\2.3\joda-time-2.3.jar;C:\Users\ADMIN\.m2\repository\org\antlr\antlr-runtime\3.4\antlr-runtime-3.4.jar;C:\Users\ADMIN\.m2\repository\org\antlr\stringtemplate\3.2.1\stringtemplate-3.2.1.jar;C:\Users\ADMIN\.m2\repository\antlr\antlr\2.7.7\antlr-2.7.7.jar;C:\Users\ADMIN\.m2\repository\com\google\code\gson\gson\2.10.1\gson-2.10.1.jar;C:\Users\ADMIN\.m2\repository\com\netflix\servo\servo-core\0.5.3\servo-core-0.5.3.jar;C:\Users\ADMIN\.m2\repository\org\apache\commons\commons-math\2.2\commons-math-2.2.jar;C:\Users\ADMIN\.m2\repository\javax\annotation\javax.annotation-api\1.2\javax.annotation-api-1.2.jar;C:\Users\ADMIN\.m2\repository\org\codehaus\jettison\jettison\1.5.4\jettison-1.5.4.jar;C:\Users\ADMIN\.m2\repository\com\netflix\eureka\eureka-core\2.0.3\eureka-core-2.0.3.jar;C:\Users\ADMIN\.m2\repository\com\fasterxml\woodstox\woodstox-core\6.2.1\woodstox-core-6.2.1.jar;C:\Users\ADMIN\.m2\repository\org\codehaus\woodstox\stax2-api\4.2.1\stax2-api-4.2.1.jar;C:\Users\ADMIN\.m2\repository\com\google\guava\guava\33.0.0-jre\guava-33.0.0-jre.jar;C:\Users\ADMIN\.m2\repository\com\google\guava\failureaccess\1.0.2\failureaccess-1.0.2.jar;C:\Users\ADMIN\.m2\repository\com\google\guava\listenablefuture\9999.0-empty-to-avoid-conflict-with-guava\listenablefuture-9999.0-empty-to-avoid-conflict-with-guava.jar;C:\Users\ADMIN\.m2\repository\org\checkerframework\checker-qual\3.41.0\checker-qual-3.41.0.jar;C:\Users\ADMIN\.m2\repository\com\google\errorprone\error_prone_annotations\2.23.0\error_prone_annotations-2.23.0.jar;C:\Users\ADMIN\.m2\repository\com\google\j2objc\j2objc-annotations\2.8\j2objc-annotations-2.8.jar;C:\Users\ADMIN\.m2\repository\org\springframework\cloud\spring-cloud-starter-loadbalancer\4.1.4\spring-cloud-starter-loadbalancer-4.1.4.jar;C:\Users\ADMIN\.m2\repository\org\springframework\cloud\spring-cloud-loadbalancer\4.1.4\spring-cloud-loadbalancer-4.1.4.jar;C:\Users\ADMIN\.m2\repository\org\springframework\boot\spring-boot-starter-cache\3.2.5\spring-boot-starter-cache-3.2.5.jar;C:\Users\ADMIN\.m2\repository\org\springframework\spring-context-support\6.1.6\spring-context-support-6.1.6.jar;C:\Users\ADMIN\.m2\repository\com\stoyanr\evictor\1.0.0\evictor-1.0.0.jar;C:\Users\ADMIN\.m2\repository\org\springframework\boot\spring-boot-starter-security\3.2.5\spring-boot-starter-security-3.2.5.jar;C:\Users\ADMIN\.m2\repository\org\springframework\boot\spring-boot-starter\3.2.5\spring-boot-starter-3.2.5.jar;C:\Users\ADMIN\.m2\repository\org\springframework\boot\spring-boot\3.2.5\spring-boot-3.2.5.jar;C:\Users\ADMIN\.m2\repository\org\springframework\boot\spring-boot-autoconfigure\3.2.5\spring-boot-autoconfigure-3.2.5.jar;C:\Users\ADMIN\.m2\repository\org\springframework\boot\spring-boot-starter-logging\3.2.5\spring-boot-starter-logging-3.2.5.jar;C:\Users\ADMIN\.m2\repository\ch\qos\logback\logback-classic\1.4.14\logback-classic-1.4.14.jar;C:\Users\ADMIN\.m2\repository\ch\qos\logback\logback-core\1.4.14\logback-core-1.4.14.jar;C:\Users\ADMIN\.m2\repository\org\apache\logging\log4j\log4j-to-slf4j\2.21.1\log4j-to-slf4j-2.21.1.jar;C:\Users\ADMIN\.m2\repository\org\apache\logging\log4j\log4j-api\2.21.1\log4j-api-2.21.1.jar;C:\Users\ADMIN\.m2\repository\org\slf4j\jul-to-slf4j\2.0.13\jul-to-slf4j-2.0.13.jar;C:\Users\ADMIN\.m2\repository\org\yaml\snakeyaml\2.2\snakeyaml-2.2.jar;C:\Users\ADMIN\.m2\repository\org\springframework\spring-aop\6.1.6\spring-aop-6.1.6.jar;C:\Users\ADMIN\.m2\repository\org\springframework\spring-beans\6.1.6\spring-beans-6.1.6.jar;C:\Users\ADMIN\.m2\repository\org\springframework\security\spring-security-config\6.2.4\spring-security-config-6.2.4.jar;C:\Users\ADMIN\.m2\repository\org\springframework\spring-context\6.1.6\spring-context-6.1.6.jar;C:\Users\ADMIN\.m2\repository\org\springframework\security\spring-security-web\6.2.4\spring-security-web-6.2.4.jar;C:\Users\ADMIN\.m2\repository\org\springframework\spring-expression\6.1.6\spring-expression-6.1.6.jar;C:\Users\ADMIN\.m2\repository\org\springframework\boot\spring-boot-starter-oauth2-resource-server\3.2.5\spring-boot-starter-oauth2-resource-server-3.2.5.jar;C:\Users\ADMIN\.m2\repository\org\springframework\security\spring-security-core\6.2.4\spring-security-core-6.2.4.jar;C:\Users\ADMIN\.m2\repository\org\springframework\security\spring-security-crypto\6.2.4\spring-security-crypto-6.2.4.jar;C:\Users\ADMIN\.m2\repository\io\micrometer\micrometer-observation\1.12.5\micrometer-observation-1.12.5.jar;C:\Users\ADMIN\.m2\repository\io\micrometer\micrometer-commons\1.12.5\micrometer-commons-1.12.5.jar;C:\Users\ADMIN\.m2\repository\org\springframework\security\spring-security-oauth2-resource-server\6.2.4\spring-security-oauth2-resource-server-6.2.4.jar;C:\Users\ADMIN\.m2\repository\org\springframework\security\spring-security-oauth2-jose\6.2.4\spring-security-oauth2-jose-6.2.4.jar;C:\Users\ADMIN\.m2\repository\org\springframework\security\spring-security-oauth2-core\6.2.4\spring-security-oauth2-core-6.2.4.jar;C:\Users\ADMIN\.m2\repository\org\springframework\spring-core\6.1.6\spring-core-6.1.6.jar;C:\Users\ADMIN\.m2\repository\org\springframework\spring-jcl\6.1.6\spring-jcl-6.1.6.jar;C:\Users\ADMIN\.m2\repository\com\nimbusds\nimbus-jose-jwt\9.24.4\nimbus-jose-jwt-9.24.4.jar;C:\Users\ADMIN\.m2\repository\com\github\stephenc\jcip\jcip-annotations\1.0-1\jcip-annotations-1.0-1.jar;C:\Users\ADMIN\.m2\repository\org\springdoc\springdoc-openapi-starter-webflux-ui\2.3.0\springdoc-openapi-starter-webflux-ui-2.3.0.jar;C:\Users\ADMIN\.m2\repository\org\springdoc\springdoc-openapi-starter-webflux-api\2.3.0\springdoc-openapi-starter-webflux-api-2.3.0.jar;C:\Users\ADMIN\.m2\repository\org\springdoc\springdoc-openapi-starter-common\2.3.0\springdoc-openapi-starter-common-2.3.0.jar;C:\Users\ADMIN\.m2\repository\io\swagger\core\v3\swagger-core-jakarta\2.2.19\swagger-core-jakarta-2.2.19.jar;C:\Users\ADMIN\.m2\repository\org\apache\commons\commons-lang3\3.13.0\commons-lang3-3.13.0.jar;C:\Users\ADMIN\.m2\repository\io\swagger\core\v3\swagger-annotations-jakarta\2.2.19\swagger-annotations-jakarta-2.2.19.jar;C:\Users\ADMIN\.m2\repository\io\swagger\core\v3\swagger-models-jakarta\2.2.19\swagger-models-jakarta-2.2.19.jar;C:\Users\ADMIN\.m2\repository\com\fasterxml\jackson\dataformat\jackson-dataformat-yaml\2.15.4\jackson-dataformat-yaml-2.15.4.jar;C:\Users\ADMIN\.m2\repository\org\webjars\swagger-ui\5.10.3\swagger-ui-5.10.3.jar;C:\Users\ADMIN\.m2\repository\org\projectlombok\lombok\1.18.32\lombok-1.18.32.jar;C:\Users\ADMIN\.m2\repository\jakarta\xml\bind\jakarta.xml.bind-api\4.0.2\jakarta.xml.bind-api-4.0.2.jar;C:\Users\ADMIN\.m2\repository\jakarta\activation\jakarta.activation-api\2.1.3\jakarta.activation-api-2.1.3.jar
Launcher Type: SUN_STANDARD

[Global flags]
     intx CICompilerCount                          = 4                                         {product} {ergonomic}
     uint ConcGCThreads                            = 2                                         {product} {ergonomic}
     uint G1ConcRefinementThreads                  = 8                                         {product} {ergonomic}
   size_t G1HeapRegionSize                         = 4194304                                   {product} {ergonomic}
    uintx GCDrainStackTargetSize                   = 64                                        {product} {ergonomic}
   size_t InitialHeapSize                          = 398458880                                 {product} {ergonomic}
   size_t MarkStackSize                            = 4194304                                   {product} {ergonomic}
   size_t MaxHeapSize                              = 6375342080                                {product} {ergonomic}
   size_t MaxNewSize                               = 3825205248                                {product} {ergonomic}
   size_t MinHeapDeltaBytes                        = 4194304                                   {product} {ergonomic}
   size_t MinHeapSize                              = 8388608                                   {product} {ergonomic}
    uintx NonNMethodCodeHeapSize                   = 5839372                                {pd product} {ergonomic}
    uintx NonProfiledCodeHeapSize                  = 122909434                              {pd product} {ergonomic}
    uintx ProfiledCodeHeapSize                     = 122909434                              {pd product} {ergonomic}
    uintx ReservedCodeCacheSize                    = 251658240                              {pd product} {ergonomic}
     bool SegmentedCodeCache                       = true                                      {product} {ergonomic}
   size_t SoftMaxHeapSize                          = 6375342080                             {manageable} {ergonomic}
     bool UseCompressedOops                        = true                           {product lp64_product} {ergonomic}
     bool UseG1GC                                  = true                                      {product} {ergonomic}
     bool UseLargePagesIndividualAllocation        = false                                  {pd product} {ergonomic}

Logging:
Log output configuration:
 #0: stdout all=warning uptime,level,tags foldmultilines=false
 #1: stderr all=off uptime,level,tags foldmultilines=false

Environment Variables:
JAVA_HOME=C:\Program Files\Java\jdk-17
PATH=C:\Program Files (x86)\Microsoft SDKs\Azure\CLI2\wbin;C:\Program Files\Common Files\Oracle\Java\javapath;C:\Program Files (x86)\Common Files\Oracle\Java\javapath;C:\WINDOWS\system32;C:\WINDOWS;C:\WINDOWS\System32\Wbem;C:\WINDOWS\System32\WindowsPowerShell\v1.0\;C:\WINDOWS\System32\OpenSSH\;C:\Program Files\Azure Data Studio\bin;C:\Program Files\dotnet\;C:\Program Files\Java\jdk1.8.0_321\bin;C:\Program Files\Git\cmd;C:\Program Files\Microsoft SQL Server\Client SDK\ODBC\170\Tools\Binn\;C:\Program Files (x86)\Microsoft SQL Server\150\Tools\Binn\;C:\Program Files\Microsoft SQL Server\150\Tools\Binn\;C:\Program Files\Microsoft SQL Server\150\DTS\Binn\;D:\Download\Redis-x64-3.0.504;C:\Program Files\nodejs\;C:\Program Files\Docker\Docker\resources\bin;C:\Users\ADMIN\AppData\Local\Microsoft\WindowsApps;C:\Program Files\Azure Data Studio\bin;C:\Users\ADMIN\AppData\Local\Programs\Microsoft VS Code\bin;C:\Users\ADMIN\AppData\Local\GitHubDesktop\bin;D:\Download\IntelliJ IDEA Community Edition 2024.2.1\bin;;C:\Program Files\MongoDB\Server\8.0\bin;C:\Users\ADMIN\AppData\Local\Android\Sdk;D:\Download\apache-maven-3.9.9-bin\apache-maven-3.9.9\bin;D:\heroku\bin;C:\Users\ADMIN\AppData\Local\flutter\flutter_windows_3.32.5-stable\flutter\bin;C:\Users\ADMIN\AppData\Roaming\npm
USERNAME=ADMIN
OS=Windows_NT
PROCESSOR_IDENTIFIER=Intel64 Family 6 Model 140 Stepping 1, GenuineIntel
TMP=C:\Users\ADMIN\AppData\Local\Temp
TEMP=C:\Users\ADMIN\AppData\Local\Temp




Periodic native trim disabled

---------------  S Y S T E M  ---------------

OS:
 Windows 11 , 64 bit Build 26100 (10.0.26100.7019)
OS uptime: 14 days 21:50 hours
Hyper-V role detected

CPU: total 8 (initial active 8) (4 cores per cpu, 2 threads per core) family 6 model 140 stepping 1 microcode 0xbc, cx8, cmov, fxsr, ht, mmx, 3dnowpref, sse, sse2, sse3, ssse3, sse4.1, sse4.2, popcnt, lzcnt, tsc, tscinvbit, avx, avx2, aes, erms, clmul, bmi1, bmi2, adx, avx512f, avx512dq, avx512cd, avx512bw, avx512vl, sha, fma, vzeroupper, avx512_vpopcntdq, avx512_vpclmulqdq, avx512_vaes, avx512_vnni, clflush, clflushopt, clwb, avx512_vbmi2, avx512_vbmi, hv, rdtscp, rdpid, fsrm, gfni, avx512_bitalg, f16c, cet_ibt, cet_ss, avx512_ifma
Processor Information for the first 8 processors :
  Max Mhz: 2419, Current Mhz: 2419, Mhz Limit: 2419

Memory: 4k page, system-wide physical 24310M (2915M free)
TotalPageFile size 38965M (AvailPageFile size 5M)
current process WorkingSet (physical memory assigned to process): 273M, peak: 282M
current process commit charge ("private bytes"): 309M, peak: 524M

vm_info: OpenJDK 64-Bit Server VM (21.0.8+9-LTS) for windows-amd64 JRE (21.0.8+9-LTS), built on 2025-07-10T20:22:44Z by "MicrosoftCorporation" with unknown MS VC++:1944

END.
